[2020-03-09 18:48:02] local.ERROR: Class 'Vyuldashev\LaravelOpenApi\OpenApiServiceProvider' not found {"exception":"[object] (Symfony\\Component\\Debug\\Exception\\FatalThrowableError(code: 0): Class 'Vyuldashev\\LaravelOpenApi\\OpenApiServiceProvider' not found at /code/admin-app/vendor/laravel/framework/src/Illuminate/Foundation/ProviderRepository.php:208)
[stacktrace]
#0 /code/admin-app/vendor/laravel/framework/src/Illuminate/Foundation/ProviderRepository.php(144): Illuminate\\Foundation\\ProviderRepository->createProvider('Vyuldashev\\\\Lara...')
#1 /code/admin-app/vendor/laravel/framework/src/Illuminate/Foundation/ProviderRepository.php(61): Illuminate\\Foundation\\ProviderRepository->compileManifest(Array)
#2 /code/admin-app/vendor/laravel/framework/src/Illuminate/Foundation/Application.php(585): Illuminate\\Foundation\\ProviderRepository->load(Array)
#3 /code/admin-app/vendor/laravel/framework/src/Illuminate/Foundation/Bootstrap/RegisterProviders.php(17): Illuminate\\Foundation\\Application->registerConfiguredProviders()
#4 /code/admin-app/vendor/laravel/framework/src/Illuminate/Foundation/Application.php(211): Illuminate\\Foundation\\Bootstrap\\RegisterProviders->bootstrap(Object(Illuminate\\Foundation\\Application))
#5 /code/admin-app/vendor/laravel/framework/src/Illuminate/Foundation/Console/Kernel.php(320): Illuminate\\Foundation\\Application->bootstrapWith(Array)
#6 /code/admin-app/vendor/laravel/framework/src/Illuminate/Foundation/Console/Kernel.php(129): Illuminate\\Foundation\\Console\\Kernel->bootstrap()
#7 /code/admin-app/artisan(37): Illuminate\\Foundation\\Console\\Kernel->handle(Object(Symfony\\Component\\Console\\Input\\ArgvInput), Object(Symfony\\Component\\Console\\Output\\ConsoleOutput))
#8 {main}
"} 
[2020-03-09 18:49:01] local.ERROR: Class 'Vyuldashev\LaravelOpenApi\OpenApiServiceProvider' not found {"exception":"[object] (Symfony\\Component\\Debug\\Exception\\FatalThrowableError(code: 0): Class 'Vyuldashev\\LaravelOpenApi\\OpenApiServiceProvider' not found at /code/admin-app/vendor/laravel/framework/src/Illuminate/Foundation/ProviderRepository.php:208)
[stacktrace]
#0 /code/admin-app/vendor/laravel/framework/src/Illuminate/Foundation/ProviderRepository.php(144): Illuminate\\Foundation\\ProviderRepository->createProvider('Vyuldashev\\\\Lara...')
#1 /code/admin-app/vendor/laravel/framework/src/Illuminate/Foundation/ProviderRepository.php(61): Illuminate\\Foundation\\ProviderRepository->compileManifest(Array)
#2 /code/admin-app/vendor/laravel/framework/src/Illuminate/Foundation/Application.php(585): Illuminate\\Foundation\\ProviderRepository->load(Array)
#3 /code/admin-app/vendor/laravel/framework/src/Illuminate/Foundation/Bootstrap/RegisterProviders.php(17): Illuminate\\Foundation\\Application->registerConfiguredProviders()
#4 /code/admin-app/vendor/laravel/framework/src/Illuminate/Foundation/Application.php(211): Illuminate\\Foundation\\Bootstrap\\RegisterProviders->bootstrap(Object(Illuminate\\Foundation\\Application))
#5 /code/admin-app/vendor/laravel/framework/src/Illuminate/Foundation/Console/Kernel.php(320): Illuminate\\Foundation\\Application->bootstrapWith(Array)
#6 /code/admin-app/vendor/laravel/framework/src/Illuminate/Foundation/Console/Kernel.php(129): Illuminate\\Foundation\\Console\\Kernel->bootstrap()
#7 /code/admin-app/artisan(37): Illuminate\\Foundation\\Console\\Kernel->handle(Object(Symfony\\Component\\Console\\Input\\ArgvInput), Object(Symfony\\Component\\Console\\Output\\ConsoleOutput))
#8 {main}
"} 
[2020-03-09 18:49:43] local.ERROR: Class 'Vyuldashev\LaravelOpenApi\OpenApiServiceProvider' not found {"exception":"[object] (Symfony\\Component\\Debug\\Exception\\FatalThrowableError(code: 0): Class 'Vyuldashev\\LaravelOpenApi\\OpenApiServiceProvider' not found at /code/admin-app/vendor/laravel/framework/src/Illuminate/Foundation/ProviderRepository.php:208)
[stacktrace]
#0 /code/admin-app/vendor/laravel/framework/src/Illuminate/Foundation/ProviderRepository.php(144): Illuminate\\Foundation\\ProviderRepository->createProvider('Vyuldashev\\\\Lara...')
#1 /code/admin-app/vendor/laravel/framework/src/Illuminate/Foundation/ProviderRepository.php(61): Illuminate\\Foundation\\ProviderRepository->compileManifest(Array)
#2 /code/admin-app/vendor/laravel/framework/src/Illuminate/Foundation/Application.php(585): Illuminate\\Foundation\\ProviderRepository->load(Array)
#3 /code/admin-app/vendor/laravel/framework/src/Illuminate/Foundation/Bootstrap/RegisterProviders.php(17): Illuminate\\Foundation\\Application->registerConfiguredProviders()
#4 /code/admin-app/vendor/laravel/framework/src/Illuminate/Foundation/Application.php(211): Illuminate\\Foundation\\Bootstrap\\RegisterProviders->bootstrap(Object(Illuminate\\Foundation\\Application))
#5 /code/admin-app/vendor/laravel/framework/src/Illuminate/Foundation/Console/Kernel.php(320): Illuminate\\Foundation\\Application->bootstrapWith(Array)
#6 /code/admin-app/vendor/laravel/framework/src/Illuminate/Foundation/Console/Kernel.php(129): Illuminate\\Foundation\\Console\\Kernel->bootstrap()
#7 /code/admin-app/artisan(37): Illuminate\\Foundation\\Console\\Kernel->handle(Object(Symfony\\Component\\Console\\Input\\ArgvInput), Object(Symfony\\Component\\Console\\Output\\ConsoleOutput))
#8 {main}
"} 
[2020-03-09 22:52:46] local.ERROR: [Semantical Error] The annotation "@OpenApi\PathItem" in class App\Http\Controllers\ProfileController was never imported. Did you maybe forget to add a "use" statement for this annotation? {"exception":"[object] (Doctrine\\Common\\Annotations\\AnnotationException(code: 0): [Semantical Error] The annotation \"@OpenApi\\PathItem\" in class App\\Http\\Controllers\\ProfileController was never imported. Did you maybe forget to add a \"use\" statement for this annotation? at /code/admin-app/vendor/doctrine/annotations/lib/Doctrine/Common/Annotations/AnnotationException.php:54)
[stacktrace]
#0 /code/admin-app/vendor/doctrine/annotations/lib/Doctrine/Common/Annotations/DocParser.php(732): Doctrine\\Common\\Annotations\\AnnotationException::semanticalError('The annotation ...')
#1 /code/admin-app/vendor/doctrine/annotations/lib/Doctrine/Common/Annotations/DocParser.php(661): Doctrine\\Common\\Annotations\\DocParser->Annotation()
#2 /code/admin-app/vendor/doctrine/annotations/lib/Doctrine/Common/Annotations/DocParser.php(354): Doctrine\\Common\\Annotations\\DocParser->Annotations()
#3 /code/admin-app/vendor/doctrine/annotations/lib/Doctrine/Common/Annotations/AnnotationReader.php(218): Doctrine\\Common\\Annotations\\DocParser->parse('/**\
 * @OpenApi...', 'class App\\\\Http\\\\...')
#4 /code/admin-app/vendor/vyuldashev/laravel-openapi/src/RouteInformation.php(78): Doctrine\\Common\\Annotations\\AnnotationReader->getClassAnnotations(Object(ReflectionClass))
#5 /code/admin-app/vendor/laravel/framework/src/Illuminate/Support/helpers.php(424): Vyuldashev\\LaravelOpenApi\\RouteInformation::Vyuldashev\\LaravelOpenApi\\{closure}(Object(Vyuldashev\\LaravelOpenApi\\RouteInformation))
#6 /code/admin-app/vendor/vyuldashev/laravel-openapi/src/RouteInformation.php(92): tap(Object(Vyuldashev\\LaravelOpenApi\\RouteInformation), Object(Closure))
#7 /code/admin-app/vendor/vyuldashev/laravel-openapi/src/Builders/PathsBuilder.php(84): Vyuldashev\\LaravelOpenApi\\RouteInformation::createFromRoute(Object(Illuminate\\Routing\\Route))
#8 [internal function]: Vyuldashev\\LaravelOpenApi\\Builders\\PathsBuilder::Vyuldashev\\LaravelOpenApi\\Builders\\{closure}(Object(Illuminate\\Routing\\Route), 14)
#9 /code/admin-app/vendor/laravel/framework/src/Illuminate/Support/Collection.php(638): array_map(Object(Closure), Array, Array)
#10 /code/admin-app/vendor/vyuldashev/laravel-openapi/src/Builders/PathsBuilder.php(85): Illuminate\\Support\\Collection->map(Object(Closure))
#11 /code/admin-app/vendor/vyuldashev/laravel-openapi/src/Builders/PathsBuilder.php(35): Vyuldashev\\LaravelOpenApi\\Builders\\PathsBuilder->routes()
#12 /code/admin-app/vendor/vyuldashev/laravel-openapi/src/Generator.php(49): Vyuldashev\\LaravelOpenApi\\Builders\\PathsBuilder->build('default', Array)
#13 /code/admin-app/vendor/vyuldashev/laravel-openapi/src/Console/GenerateCommand.php(27): Vyuldashev\\LaravelOpenApi\\Generator->generate('default')
#14 [internal function]: Vyuldashev\\LaravelOpenApi\\Console\\GenerateCommand->handle(Object(Vyuldashev\\LaravelOpenApi\\Generator))
#15 /code/admin-app/vendor/laravel/framework/src/Illuminate/Container/BoundMethod.php(32): call_user_func_array(Array, Array)
#16 /code/admin-app/vendor/laravel/framework/src/Illuminate/Container/BoundMethod.php(90): Illuminate\\Container\\BoundMethod::Illuminate\\Container\\{closure}()
#17 /code/admin-app/vendor/laravel/framework/src/Illuminate/Container/BoundMethod.php(34): Illuminate\\Container\\BoundMethod::callBoundMethod(Object(Illuminate\\Foundation\\Application), Array, Object(Closure))
#18 /code/admin-app/vendor/laravel/framework/src/Illuminate/Container/Container.php(591): Illuminate\\Container\\BoundMethod::call(Object(Illuminate\\Foundation\\Application), Array, Array, NULL)
#19 /code/admin-app/vendor/laravel/framework/src/Illuminate/Console/Command.php(192): Illuminate\\Container\\Container->call(Array)
#20 /code/admin-app/vendor/symfony/console/Command/Command.php(255): Illuminate\\Console\\Command->execute(Object(Symfony\\Component\\Console\\Input\\ArgvInput), Object(Illuminate\\Console\\OutputStyle))
#21 /code/admin-app/vendor/laravel/framework/src/Illuminate/Console/Command.php(179): Symfony\\Component\\Console\\Command\\Command->run(Object(Symfony\\Component\\Console\\Input\\ArgvInput), Object(Illuminate\\Console\\OutputStyle))
#22 /code/admin-app/vendor/symfony/console/Application.php(915): Illuminate\\Console\\Command->run(Object(Symfony\\Component\\Console\\Input\\ArgvInput), Object(Symfony\\Component\\Console\\Output\\ConsoleOutput))
#23 /code/admin-app/vendor/symfony/console/Application.php(272): Symfony\\Component\\Console\\Application->doRunCommand(Object(Vyuldashev\\LaravelOpenApi\\Console\\GenerateCommand), Object(Symfony\\Component\\Console\\Input\\ArgvInput), Object(Symfony\\Component\\Console\\Output\\ConsoleOutput))
#24 /code/admin-app/vendor/symfony/console/Application.php(148): Symfony\\Component\\Console\\Application->doRun(Object(Symfony\\Component\\Console\\Input\\ArgvInput), Object(Symfony\\Component\\Console\\Output\\ConsoleOutput))
#25 /code/admin-app/vendor/laravel/framework/src/Illuminate/Console/Application.php(90): Symfony\\Component\\Console\\Application->run(Object(Symfony\\Component\\Console\\Input\\ArgvInput), Object(Symfony\\Component\\Console\\Output\\ConsoleOutput))
#26 /code/admin-app/vendor/laravel/framework/src/Illuminate/Foundation/Console/Kernel.php(131): Illuminate\\Console\\Application->run(Object(Symfony\\Component\\Console\\Input\\ArgvInput), Object(Symfony\\Component\\Console\\Output\\ConsoleOutput))
#27 /code/admin-app/artisan(37): Illuminate\\Foundation\\Console\\Kernel->handle(Object(Symfony\\Component\\Console\\Input\\ArgvInput), Object(Symfony\\Component\\Console\\Output\\ConsoleOutput))
#28 {main}
"} 
[2020-03-09 22:53:43] local.ERROR: [Semantical Error] The annotation "@OpenApi\PathItem" in class App\Http\Controllers\ProfileController was never imported. Did you maybe forget to add a "use" statement for this annotation? {"exception":"[object] (Doctrine\\Common\\Annotations\\AnnotationException(code: 0): [Semantical Error] The annotation \"@OpenApi\\PathItem\" in class App\\Http\\Controllers\\ProfileController was never imported. Did you maybe forget to add a \"use\" statement for this annotation? at /code/admin-app/vendor/doctrine/annotations/lib/Doctrine/Common/Annotations/AnnotationException.php:54)
[stacktrace]
#0 /code/admin-app/vendor/doctrine/annotations/lib/Doctrine/Common/Annotations/DocParser.php(732): Doctrine\\Common\\Annotations\\AnnotationException::semanticalError('The annotation ...')
#1 /code/admin-app/vendor/doctrine/annotations/lib/Doctrine/Common/Annotations/DocParser.php(661): Doctrine\\Common\\Annotations\\DocParser->Annotation()
#2 /code/admin-app/vendor/doctrine/annotations/lib/Doctrine/Common/Annotations/DocParser.php(354): Doctrine\\Common\\Annotations\\DocParser->Annotations()
#3 /code/admin-app/vendor/doctrine/annotations/lib/Doctrine/Common/Annotations/AnnotationReader.php(218): Doctrine\\Common\\Annotations\\DocParser->parse('/**\
 * @OpenApi...', 'class App\\\\Http\\\\...')
#4 /code/admin-app/vendor/vyuldashev/laravel-openapi/src/RouteInformation.php(78): Doctrine\\Common\\Annotations\\AnnotationReader->getClassAnnotations(Object(ReflectionClass))
#5 /code/admin-app/vendor/laravel/framework/src/Illuminate/Support/helpers.php(424): Vyuldashev\\LaravelOpenApi\\RouteInformation::Vyuldashev\\LaravelOpenApi\\{closure}(Object(Vyuldashev\\LaravelOpenApi\\RouteInformation))
#6 /code/admin-app/vendor/vyuldashev/laravel-openapi/src/RouteInformation.php(92): tap(Object(Vyuldashev\\LaravelOpenApi\\RouteInformation), Object(Closure))
#7 /code/admin-app/vendor/vyuldashev/laravel-openapi/src/Builders/PathsBuilder.php(84): Vyuldashev\\LaravelOpenApi\\RouteInformation::createFromRoute(Object(Illuminate\\Routing\\Route))
#8 [internal function]: Vyuldashev\\LaravelOpenApi\\Builders\\PathsBuilder::Vyuldashev\\LaravelOpenApi\\Builders\\{closure}(Object(Illuminate\\Routing\\Route), 14)
#9 /code/admin-app/vendor/laravel/framework/src/Illuminate/Support/Collection.php(638): array_map(Object(Closure), Array, Array)
#10 /code/admin-app/vendor/vyuldashev/laravel-openapi/src/Builders/PathsBuilder.php(85): Illuminate\\Support\\Collection->map(Object(Closure))
#11 /code/admin-app/vendor/vyuldashev/laravel-openapi/src/Builders/PathsBuilder.php(35): Vyuldashev\\LaravelOpenApi\\Builders\\PathsBuilder->routes()
#12 /code/admin-app/vendor/vyuldashev/laravel-openapi/src/Generator.php(49): Vyuldashev\\LaravelOpenApi\\Builders\\PathsBuilder->build('default', Array)
#13 /code/admin-app/vendor/vyuldashev/laravel-openapi/src/Console/GenerateCommand.php(27): Vyuldashev\\LaravelOpenApi\\Generator->generate('default')
#14 [internal function]: Vyuldashev\\LaravelOpenApi\\Console\\GenerateCommand->handle(Object(Vyuldashev\\LaravelOpenApi\\Generator))
#15 /code/admin-app/vendor/laravel/framework/src/Illuminate/Container/BoundMethod.php(32): call_user_func_array(Array, Array)
#16 /code/admin-app/vendor/laravel/framework/src/Illuminate/Container/BoundMethod.php(90): Illuminate\\Container\\BoundMethod::Illuminate\\Container\\{closure}()
#17 /code/admin-app/vendor/laravel/framework/src/Illuminate/Container/BoundMethod.php(34): Illuminate\\Container\\BoundMethod::callBoundMethod(Object(Illuminate\\Foundation\\Application), Array, Object(Closure))
#18 /code/admin-app/vendor/laravel/framework/src/Illuminate/Container/Container.php(591): Illuminate\\Container\\BoundMethod::call(Object(Illuminate\\Foundation\\Application), Array, Array, NULL)
#19 /code/admin-app/vendor/laravel/framework/src/Illuminate/Console/Command.php(192): Illuminate\\Container\\Container->call(Array)
#20 /code/admin-app/vendor/symfony/console/Command/Command.php(255): Illuminate\\Console\\Command->execute(Object(Symfony\\Component\\Console\\Input\\ArgvInput), Object(Illuminate\\Console\\OutputStyle))
#21 /code/admin-app/vendor/laravel/framework/src/Illuminate/Console/Command.php(179): Symfony\\Component\\Console\\Command\\Command->run(Object(Symfony\\Component\\Console\\Input\\ArgvInput), Object(Illuminate\\Console\\OutputStyle))
#22 /code/admin-app/vendor/symfony/console/Application.php(915): Illuminate\\Console\\Command->run(Object(Symfony\\Component\\Console\\Input\\ArgvInput), Object(Symfony\\Component\\Console\\Output\\ConsoleOutput))
#23 /code/admin-app/vendor/symfony/console/Application.php(272): Symfony\\Component\\Console\\Application->doRunCommand(Object(Vyuldashev\\LaravelOpenApi\\Console\\GenerateCommand), Object(Symfony\\Component\\Console\\Input\\ArgvInput), Object(Symfony\\Component\\Console\\Output\\ConsoleOutput))
#24 /code/admin-app/vendor/symfony/console/Application.php(148): Symfony\\Component\\Console\\Application->doRun(Object(Symfony\\Component\\Console\\Input\\ArgvInput), Object(Symfony\\Component\\Console\\Output\\ConsoleOutput))
#25 /code/admin-app/vendor/laravel/framework/src/Illuminate/Console/Application.php(90): Symfony\\Component\\Console\\Application->run(Object(Symfony\\Component\\Console\\Input\\ArgvInput), Object(Symfony\\Component\\Console\\Output\\ConsoleOutput))
#26 /code/admin-app/vendor/laravel/framework/src/Illuminate/Foundation/Console/Kernel.php(131): Illuminate\\Console\\Application->run(Object(Symfony\\Component\\Console\\Input\\ArgvInput), Object(Symfony\\Component\\Console\\Output\\ConsoleOutput))
#27 /code/admin-app/artisan(37): Illuminate\\Foundation\\Console\\Kernel->handle(Object(Symfony\\Component\\Console\\Input\\ArgvInput), Object(Symfony\\Component\\Console\\Output\\ConsoleOutput))
#28 {main}
"} 
[2020-03-09 22:54:08] local.ERROR: Factory class must be instance of ParametersFactory {"exception":"[object] (InvalidArgumentException(code: 0): Factory class must be instance of ParametersFactory at /code/admin-app/vendor/vyuldashev/laravel-openapi/src/Annotations/Parameters.php:26)
[stacktrace]
#0 /code/admin-app/vendor/doctrine/annotations/lib/Doctrine/Common/Annotations/DocParser.php(825): Vyuldashev\\LaravelOpenApi\\Annotations\\Parameters->__construct(Array)
#1 /code/admin-app/vendor/doctrine/annotations/lib/Doctrine/Common/Annotations/DocParser.php(661): Doctrine\\Common\\Annotations\\DocParser->Annotation()
#2 /code/admin-app/vendor/doctrine/annotations/lib/Doctrine/Common/Annotations/DocParser.php(354): Doctrine\\Common\\Annotations\\DocParser->Annotations()
#3 /code/admin-app/vendor/doctrine/annotations/lib/Doctrine/Common/Annotations/AnnotationReader.php(282): Doctrine\\Common\\Annotations\\DocParser->parse('/**\
     * Upda...', 'method App\\\\Http...')
#4 /code/admin-app/vendor/vyuldashev/laravel-openapi/src/RouteInformation.php(79): Doctrine\\Common\\Annotations\\AnnotationReader->getMethodAnnotations(Object(ReflectionMethod))
#5 /code/admin-app/vendor/laravel/framework/src/Illuminate/Support/helpers.php(424): Vyuldashev\\LaravelOpenApi\\RouteInformation::Vyuldashev\\LaravelOpenApi\\{closure}(Object(Vyuldashev\\LaravelOpenApi\\RouteInformation))
#6 /code/admin-app/vendor/vyuldashev/laravel-openapi/src/RouteInformation.php(92): tap(Object(Vyuldashev\\LaravelOpenApi\\RouteInformation), Object(Closure))
#7 /code/admin-app/vendor/vyuldashev/laravel-openapi/src/Builders/PathsBuilder.php(84): Vyuldashev\\LaravelOpenApi\\RouteInformation::createFromRoute(Object(Illuminate\\Routing\\Route))
#8 [internal function]: Vyuldashev\\LaravelOpenApi\\Builders\\PathsBuilder::Vyuldashev\\LaravelOpenApi\\Builders\\{closure}(Object(Illuminate\\Routing\\Route), 14)
#9 /code/admin-app/vendor/laravel/framework/src/Illuminate/Support/Collection.php(638): array_map(Object(Closure), Array, Array)
#10 /code/admin-app/vendor/vyuldashev/laravel-openapi/src/Builders/PathsBuilder.php(85): Illuminate\\Support\\Collection->map(Object(Closure))
#11 /code/admin-app/vendor/vyuldashev/laravel-openapi/src/Builders/PathsBuilder.php(35): Vyuldashev\\LaravelOpenApi\\Builders\\PathsBuilder->routes()
#12 /code/admin-app/vendor/vyuldashev/laravel-openapi/src/Generator.php(49): Vyuldashev\\LaravelOpenApi\\Builders\\PathsBuilder->build('default', Array)
#13 /code/admin-app/vendor/vyuldashev/laravel-openapi/src/Console/GenerateCommand.php(27): Vyuldashev\\LaravelOpenApi\\Generator->generate('default')
#14 [internal function]: Vyuldashev\\LaravelOpenApi\\Console\\GenerateCommand->handle(Object(Vyuldashev\\LaravelOpenApi\\Generator))
#15 /code/admin-app/vendor/laravel/framework/src/Illuminate/Container/BoundMethod.php(32): call_user_func_array(Array, Array)
#16 /code/admin-app/vendor/laravel/framework/src/Illuminate/Container/BoundMethod.php(90): Illuminate\\Container\\BoundMethod::Illuminate\\Container\\{closure}()
#17 /code/admin-app/vendor/laravel/framework/src/Illuminate/Container/BoundMethod.php(34): Illuminate\\Container\\BoundMethod::callBoundMethod(Object(Illuminate\\Foundation\\Application), Array, Object(Closure))
#18 /code/admin-app/vendor/laravel/framework/src/Illuminate/Container/Container.php(591): Illuminate\\Container\\BoundMethod::call(Object(Illuminate\\Foundation\\Application), Array, Array, NULL)
#19 /code/admin-app/vendor/laravel/framework/src/Illuminate/Console/Command.php(192): Illuminate\\Container\\Container->call(Array)
#20 /code/admin-app/vendor/symfony/console/Command/Command.php(255): Illuminate\\Console\\Command->execute(Object(Symfony\\Component\\Console\\Input\\ArgvInput), Object(Illuminate\\Console\\OutputStyle))
#21 /code/admin-app/vendor/laravel/framework/src/Illuminate/Console/Command.php(179): Symfony\\Component\\Console\\Command\\Command->run(Object(Symfony\\Component\\Console\\Input\\ArgvInput), Object(Illuminate\\Console\\OutputStyle))
#22 /code/admin-app/vendor/symfony/console/Application.php(915): Illuminate\\Console\\Command->run(Object(Symfony\\Component\\Console\\Input\\ArgvInput), Object(Symfony\\Component\\Console\\Output\\ConsoleOutput))
#23 /code/admin-app/vendor/symfony/console/Application.php(272): Symfony\\Component\\Console\\Application->doRunCommand(Object(Vyuldashev\\LaravelOpenApi\\Console\\GenerateCommand), Object(Symfony\\Component\\Console\\Input\\ArgvInput), Object(Symfony\\Component\\Console\\Output\\ConsoleOutput))
#24 /code/admin-app/vendor/symfony/console/Application.php(148): Symfony\\Component\\Console\\Application->doRun(Object(Symfony\\Component\\Console\\Input\\ArgvInput), Object(Symfony\\Component\\Console\\Output\\ConsoleOutput))
#25 /code/admin-app/vendor/laravel/framework/src/Illuminate/Console/Application.php(90): Symfony\\Component\\Console\\Application->run(Object(Symfony\\Component\\Console\\Input\\ArgvInput), Object(Symfony\\Component\\Console\\Output\\ConsoleOutput))
#26 /code/admin-app/vendor/laravel/framework/src/Illuminate/Foundation/Console/Kernel.php(131): Illuminate\\Console\\Application->run(Object(Symfony\\Component\\Console\\Input\\ArgvInput), Object(Symfony\\Component\\Console\\Output\\ConsoleOutput))
#27 /code/admin-app/artisan(37): Illuminate\\Foundation\\Console\\Kernel->handle(Object(Symfony\\Component\\Console\\Input\\ArgvInput), Object(Symfony\\Component\\Console\\Output\\ConsoleOutput))
#28 {main}
"} 
[2020-03-09 22:56:58] local.ERROR: Factory class must be instance of ParametersFactory {"exception":"[object] (InvalidArgumentException(code: 0): Factory class must be instance of ParametersFactory at /code/admin-app/vendor/vyuldashev/laravel-openapi/src/Annotations/Parameters.php:26)
[stacktrace]
#0 /code/admin-app/vendor/doctrine/annotations/lib/Doctrine/Common/Annotations/DocParser.php(825): Vyuldashev\\LaravelOpenApi\\Annotations\\Parameters->__construct(Array)
#1 /code/admin-app/vendor/doctrine/annotations/lib/Doctrine/Common/Annotations/DocParser.php(661): Doctrine\\Common\\Annotations\\DocParser->Annotation()
#2 /code/admin-app/vendor/doctrine/annotations/lib/Doctrine/Common/Annotations/DocParser.php(354): Doctrine\\Common\\Annotations\\DocParser->Annotations()
#3 /code/admin-app/vendor/doctrine/annotations/lib/Doctrine/Common/Annotations/AnnotationReader.php(282): Doctrine\\Common\\Annotations\\DocParser->parse('/**\
     * Upda...', 'method App\\\\Http...')
#4 /code/admin-app/vendor/vyuldashev/laravel-openapi/src/RouteInformation.php(79): Doctrine\\Common\\Annotations\\AnnotationReader->getMethodAnnotations(Object(ReflectionMethod))
#5 /code/admin-app/vendor/laravel/framework/src/Illuminate/Support/helpers.php(424): Vyuldashev\\LaravelOpenApi\\RouteInformation::Vyuldashev\\LaravelOpenApi\\{closure}(Object(Vyuldashev\\LaravelOpenApi\\RouteInformation))
#6 /code/admin-app/vendor/vyuldashev/laravel-openapi/src/RouteInformation.php(92): tap(Object(Vyuldashev\\LaravelOpenApi\\RouteInformation), Object(Closure))
#7 /code/admin-app/vendor/vyuldashev/laravel-openapi/src/Builders/PathsBuilder.php(84): Vyuldashev\\LaravelOpenApi\\RouteInformation::createFromRoute(Object(Illuminate\\Routing\\Route))
#8 [internal function]: Vyuldashev\\LaravelOpenApi\\Builders\\PathsBuilder::Vyuldashev\\LaravelOpenApi\\Builders\\{closure}(Object(Illuminate\\Routing\\Route), 14)
#9 /code/admin-app/vendor/laravel/framework/src/Illuminate/Support/Collection.php(638): array_map(Object(Closure), Array, Array)
#10 /code/admin-app/vendor/vyuldashev/laravel-openapi/src/Builders/PathsBuilder.php(85): Illuminate\\Support\\Collection->map(Object(Closure))
#11 /code/admin-app/vendor/vyuldashev/laravel-openapi/src/Builders/PathsBuilder.php(35): Vyuldashev\\LaravelOpenApi\\Builders\\PathsBuilder->routes()
#12 /code/admin-app/vendor/vyuldashev/laravel-openapi/src/Generator.php(49): Vyuldashev\\LaravelOpenApi\\Builders\\PathsBuilder->build('default', Array)
#13 /code/admin-app/vendor/vyuldashev/laravel-openapi/src/Console/GenerateCommand.php(27): Vyuldashev\\LaravelOpenApi\\Generator->generate('default')
#14 [internal function]: Vyuldashev\\LaravelOpenApi\\Console\\GenerateCommand->handle(Object(Vyuldashev\\LaravelOpenApi\\Generator))
#15 /code/admin-app/vendor/laravel/framework/src/Illuminate/Container/BoundMethod.php(32): call_user_func_array(Array, Array)
#16 /code/admin-app/vendor/laravel/framework/src/Illuminate/Container/BoundMethod.php(90): Illuminate\\Container\\BoundMethod::Illuminate\\Container\\{closure}()
#17 /code/admin-app/vendor/laravel/framework/src/Illuminate/Container/BoundMethod.php(34): Illuminate\\Container\\BoundMethod::callBoundMethod(Object(Illuminate\\Foundation\\Application), Array, Object(Closure))
#18 /code/admin-app/vendor/laravel/framework/src/Illuminate/Container/Container.php(591): Illuminate\\Container\\BoundMethod::call(Object(Illuminate\\Foundation\\Application), Array, Array, NULL)
#19 /code/admin-app/vendor/laravel/framework/src/Illuminate/Console/Command.php(192): Illuminate\\Container\\Container->call(Array)
#20 /code/admin-app/vendor/symfony/console/Command/Command.php(255): Illuminate\\Console\\Command->execute(Object(Symfony\\Component\\Console\\Input\\ArgvInput), Object(Illuminate\\Console\\OutputStyle))
#21 /code/admin-app/vendor/laravel/framework/src/Illuminate/Console/Command.php(179): Symfony\\Component\\Console\\Command\\Command->run(Object(Symfony\\Component\\Console\\Input\\ArgvInput), Object(Illuminate\\Console\\OutputStyle))
#22 /code/admin-app/vendor/symfony/console/Application.php(915): Illuminate\\Console\\Command->run(Object(Symfony\\Component\\Console\\Input\\ArgvInput), Object(Symfony\\Component\\Console\\Output\\ConsoleOutput))
#23 /code/admin-app/vendor/symfony/console/Application.php(272): Symfony\\Component\\Console\\Application->doRunCommand(Object(Vyuldashev\\LaravelOpenApi\\Console\\GenerateCommand), Object(Symfony\\Component\\Console\\Input\\ArgvInput), Object(Symfony\\Component\\Console\\Output\\ConsoleOutput))
#24 /code/admin-app/vendor/symfony/console/Application.php(148): Symfony\\Component\\Console\\Application->doRun(Object(Symfony\\Component\\Console\\Input\\ArgvInput), Object(Symfony\\Component\\Console\\Output\\ConsoleOutput))
#25 /code/admin-app/vendor/laravel/framework/src/Illuminate/Console/Application.php(90): Symfony\\Component\\Console\\Application->run(Object(Symfony\\Component\\Console\\Input\\ArgvInput), Object(Symfony\\Component\\Console\\Output\\ConsoleOutput))
#26 /code/admin-app/vendor/laravel/framework/src/Illuminate/Foundation/Console/Kernel.php(131): Illuminate\\Console\\Application->run(Object(Symfony\\Component\\Console\\Input\\ArgvInput), Object(Symfony\\Component\\Console\\Output\\ConsoleOutput))
#27 /code/admin-app/artisan(37): Illuminate\\Foundation\\Console\\Kernel->handle(Object(Symfony\\Component\\Console\\Input\\ArgvInput), Object(Symfony\\Component\\Console\\Output\\ConsoleOutput))
#28 {main}
"} 
[2020-03-09 22:57:53] local.ERROR: Factory class must be instance of ParametersFactory {"exception":"[object] (InvalidArgumentException(code: 0): Factory class must be instance of ParametersFactory at /code/admin-app/vendor/vyuldashev/laravel-openapi/src/Annotations/Parameters.php:26)
[stacktrace]
#0 /code/admin-app/vendor/doctrine/annotations/lib/Doctrine/Common/Annotations/DocParser.php(825): Vyuldashev\\LaravelOpenApi\\Annotations\\Parameters->__construct(Array)
#1 /code/admin-app/vendor/doctrine/annotations/lib/Doctrine/Common/Annotations/DocParser.php(661): Doctrine\\Common\\Annotations\\DocParser->Annotation()
#2 /code/admin-app/vendor/doctrine/annotations/lib/Doctrine/Common/Annotations/DocParser.php(354): Doctrine\\Common\\Annotations\\DocParser->Annotations()
#3 /code/admin-app/vendor/doctrine/annotations/lib/Doctrine/Common/Annotations/AnnotationReader.php(282): Doctrine\\Common\\Annotations\\DocParser->parse('/**\
     * Upda...', 'method App\\\\Http...')
#4 /code/admin-app/vendor/vyuldashev/laravel-openapi/src/RouteInformation.php(79): Doctrine\\Common\\Annotations\\AnnotationReader->getMethodAnnotations(Object(ReflectionMethod))
#5 /code/admin-app/vendor/laravel/framework/src/Illuminate/Support/helpers.php(424): Vyuldashev\\LaravelOpenApi\\RouteInformation::Vyuldashev\\LaravelOpenApi\\{closure}(Object(Vyuldashev\\LaravelOpenApi\\RouteInformation))
#6 /code/admin-app/vendor/vyuldashev/laravel-openapi/src/RouteInformation.php(92): tap(Object(Vyuldashev\\LaravelOpenApi\\RouteInformation), Object(Closure))
#7 /code/admin-app/vendor/vyuldashev/laravel-openapi/src/Builders/PathsBuilder.php(84): Vyuldashev\\LaravelOpenApi\\RouteInformation::createFromRoute(Object(Illuminate\\Routing\\Route))
#8 [internal function]: Vyuldashev\\LaravelOpenApi\\Builders\\PathsBuilder::Vyuldashev\\LaravelOpenApi\\Builders\\{closure}(Object(Illuminate\\Routing\\Route), 14)
#9 /code/admin-app/vendor/laravel/framework/src/Illuminate/Support/Collection.php(638): array_map(Object(Closure), Array, Array)
#10 /code/admin-app/vendor/vyuldashev/laravel-openapi/src/Builders/PathsBuilder.php(85): Illuminate\\Support\\Collection->map(Object(Closure))
#11 /code/admin-app/vendor/vyuldashev/laravel-openapi/src/Builders/PathsBuilder.php(35): Vyuldashev\\LaravelOpenApi\\Builders\\PathsBuilder->routes()
#12 /code/admin-app/vendor/vyuldashev/laravel-openapi/src/Generator.php(49): Vyuldashev\\LaravelOpenApi\\Builders\\PathsBuilder->build('default', Array)
#13 /code/admin-app/vendor/vyuldashev/laravel-openapi/src/Console/GenerateCommand.php(27): Vyuldashev\\LaravelOpenApi\\Generator->generate('default')
#14 [internal function]: Vyuldashev\\LaravelOpenApi\\Console\\GenerateCommand->handle(Object(Vyuldashev\\LaravelOpenApi\\Generator))
#15 /code/admin-app/vendor/laravel/framework/src/Illuminate/Container/BoundMethod.php(32): call_user_func_array(Array, Array)
#16 /code/admin-app/vendor/laravel/framework/src/Illuminate/Container/BoundMethod.php(90): Illuminate\\Container\\BoundMethod::Illuminate\\Container\\{closure}()
#17 /code/admin-app/vendor/laravel/framework/src/Illuminate/Container/BoundMethod.php(34): Illuminate\\Container\\BoundMethod::callBoundMethod(Object(Illuminate\\Foundation\\Application), Array, Object(Closure))
#18 /code/admin-app/vendor/laravel/framework/src/Illuminate/Container/Container.php(591): Illuminate\\Container\\BoundMethod::call(Object(Illuminate\\Foundation\\Application), Array, Array, NULL)
#19 /code/admin-app/vendor/laravel/framework/src/Illuminate/Console/Command.php(192): Illuminate\\Container\\Container->call(Array)
#20 /code/admin-app/vendor/symfony/console/Command/Command.php(255): Illuminate\\Console\\Command->execute(Object(Symfony\\Component\\Console\\Input\\ArgvInput), Object(Illuminate\\Console\\OutputStyle))
#21 /code/admin-app/vendor/laravel/framework/src/Illuminate/Console/Command.php(179): Symfony\\Component\\Console\\Command\\Command->run(Object(Symfony\\Component\\Console\\Input\\ArgvInput), Object(Illuminate\\Console\\OutputStyle))
#22 /code/admin-app/vendor/symfony/console/Application.php(915): Illuminate\\Console\\Command->run(Object(Symfony\\Component\\Console\\Input\\ArgvInput), Object(Symfony\\Component\\Console\\Output\\ConsoleOutput))
#23 /code/admin-app/vendor/symfony/console/Application.php(272): Symfony\\Component\\Console\\Application->doRunCommand(Object(Vyuldashev\\LaravelOpenApi\\Console\\GenerateCommand), Object(Symfony\\Component\\Console\\Input\\ArgvInput), Object(Symfony\\Component\\Console\\Output\\ConsoleOutput))
#24 /code/admin-app/vendor/symfony/console/Application.php(148): Symfony\\Component\\Console\\Application->doRun(Object(Symfony\\Component\\Console\\Input\\ArgvInput), Object(Symfony\\Component\\Console\\Output\\ConsoleOutput))
#25 /code/admin-app/vendor/laravel/framework/src/Illuminate/Console/Application.php(90): Symfony\\Component\\Console\\Application->run(Object(Symfony\\Component\\Console\\Input\\ArgvInput), Object(Symfony\\Component\\Console\\Output\\ConsoleOutput))
#26 /code/admin-app/vendor/laravel/framework/src/Illuminate/Foundation/Console/Kernel.php(131): Illuminate\\Console\\Application->run(Object(Symfony\\Component\\Console\\Input\\ArgvInput), Object(Symfony\\Component\\Console\\Output\\ConsoleOutput))
#27 /code/admin-app/artisan(37): Illuminate\\Foundation\\Console\\Kernel->handle(Object(Symfony\\Component\\Console\\Input\\ArgvInput), Object(Symfony\\Component\\Console\\Output\\ConsoleOutput))
#28 {main}
"} 
[2020-03-09 23:04:08] local.ERROR: Factory class must be instance of ParametersFactory {"exception":"[object] (InvalidArgumentException(code: 0): Factory class must be instance of ParametersFactory at /code/admin-app/vendor/vyuldashev/laravel-openapi/src/Annotations/Parameters.php:26)
[stacktrace]
#0 /code/admin-app/vendor/doctrine/annotations/lib/Doctrine/Common/Annotations/DocParser.php(825): Vyuldashev\\LaravelOpenApi\\Annotations\\Parameters->__construct(Array)
#1 /code/admin-app/vendor/doctrine/annotations/lib/Doctrine/Common/Annotations/DocParser.php(661): Doctrine\\Common\\Annotations\\DocParser->Annotation()
#2 /code/admin-app/vendor/doctrine/annotations/lib/Doctrine/Common/Annotations/DocParser.php(354): Doctrine\\Common\\Annotations\\DocParser->Annotations()
#3 /code/admin-app/vendor/doctrine/annotations/lib/Doctrine/Common/Annotations/AnnotationReader.php(282): Doctrine\\Common\\Annotations\\DocParser->parse('/**\
     * Upda...', 'method App\\\\Http...')
#4 /code/admin-app/vendor/vyuldashev/laravel-openapi/src/RouteInformation.php(79): Doctrine\\Common\\Annotations\\AnnotationReader->getMethodAnnotations(Object(ReflectionMethod))
#5 /code/admin-app/vendor/laravel/framework/src/Illuminate/Support/helpers.php(424): Vyuldashev\\LaravelOpenApi\\RouteInformation::Vyuldashev\\LaravelOpenApi\\{closure}(Object(Vyuldashev\\LaravelOpenApi\\RouteInformation))
#6 /code/admin-app/vendor/vyuldashev/laravel-openapi/src/RouteInformation.php(92): tap(Object(Vyuldashev\\LaravelOpenApi\\RouteInformation), Object(Closure))
#7 /code/admin-app/vendor/vyuldashev/laravel-openapi/src/Builders/PathsBuilder.php(84): Vyuldashev\\LaravelOpenApi\\RouteInformation::createFromRoute(Object(Illuminate\\Routing\\Route))
#8 [internal function]: Vyuldashev\\LaravelOpenApi\\Builders\\PathsBuilder::Vyuldashev\\LaravelOpenApi\\Builders\\{closure}(Object(Illuminate\\Routing\\Route), 14)
#9 /code/admin-app/vendor/laravel/framework/src/Illuminate/Support/Collection.php(638): array_map(Object(Closure), Array, Array)
#10 /code/admin-app/vendor/vyuldashev/laravel-openapi/src/Builders/PathsBuilder.php(85): Illuminate\\Support\\Collection->map(Object(Closure))
#11 /code/admin-app/vendor/vyuldashev/laravel-openapi/src/Builders/PathsBuilder.php(35): Vyuldashev\\LaravelOpenApi\\Builders\\PathsBuilder->routes()
#12 /code/admin-app/vendor/vyuldashev/laravel-openapi/src/Generator.php(49): Vyuldashev\\LaravelOpenApi\\Builders\\PathsBuilder->build('default', Array)
#13 /code/admin-app/vendor/vyuldashev/laravel-openapi/src/Console/GenerateCommand.php(27): Vyuldashev\\LaravelOpenApi\\Generator->generate('default')
#14 [internal function]: Vyuldashev\\LaravelOpenApi\\Console\\GenerateCommand->handle(Object(Vyuldashev\\LaravelOpenApi\\Generator))
#15 /code/admin-app/vendor/laravel/framework/src/Illuminate/Container/BoundMethod.php(32): call_user_func_array(Array, Array)
#16 /code/admin-app/vendor/laravel/framework/src/Illuminate/Container/BoundMethod.php(90): Illuminate\\Container\\BoundMethod::Illuminate\\Container\\{closure}()
#17 /code/admin-app/vendor/laravel/framework/src/Illuminate/Container/BoundMethod.php(34): Illuminate\\Container\\BoundMethod::callBoundMethod(Object(Illuminate\\Foundation\\Application), Array, Object(Closure))
#18 /code/admin-app/vendor/laravel/framework/src/Illuminate/Container/Container.php(591): Illuminate\\Container\\BoundMethod::call(Object(Illuminate\\Foundation\\Application), Array, Array, NULL)
#19 /code/admin-app/vendor/laravel/framework/src/Illuminate/Console/Command.php(192): Illuminate\\Container\\Container->call(Array)
#20 /code/admin-app/vendor/symfony/console/Command/Command.php(255): Illuminate\\Console\\Command->execute(Object(Symfony\\Component\\Console\\Input\\ArgvInput), Object(Illuminate\\Console\\OutputStyle))
#21 /code/admin-app/vendor/laravel/framework/src/Illuminate/Console/Command.php(179): Symfony\\Component\\Console\\Command\\Command->run(Object(Symfony\\Component\\Console\\Input\\ArgvInput), Object(Illuminate\\Console\\OutputStyle))
#22 /code/admin-app/vendor/symfony/console/Application.php(915): Illuminate\\Console\\Command->run(Object(Symfony\\Component\\Console\\Input\\ArgvInput), Object(Symfony\\Component\\Console\\Output\\ConsoleOutput))
#23 /code/admin-app/vendor/symfony/console/Application.php(272): Symfony\\Component\\Console\\Application->doRunCommand(Object(Vyuldashev\\LaravelOpenApi\\Console\\GenerateCommand), Object(Symfony\\Component\\Console\\Input\\ArgvInput), Object(Symfony\\Component\\Console\\Output\\ConsoleOutput))
#24 /code/admin-app/vendor/symfony/console/Application.php(148): Symfony\\Component\\Console\\Application->doRun(Object(Symfony\\Component\\Console\\Input\\ArgvInput), Object(Symfony\\Component\\Console\\Output\\ConsoleOutput))
#25 /code/admin-app/vendor/laravel/framework/src/Illuminate/Console/Application.php(90): Symfony\\Component\\Console\\Application->run(Object(Symfony\\Component\\Console\\Input\\ArgvInput), Object(Symfony\\Component\\Console\\Output\\ConsoleOutput))
#26 /code/admin-app/vendor/laravel/framework/src/Illuminate/Foundation/Console/Kernel.php(131): Illuminate\\Console\\Application->run(Object(Symfony\\Component\\Console\\Input\\ArgvInput), Object(Symfony\\Component\\Console\\Output\\ConsoleOutput))
#27 /code/admin-app/artisan(37): Illuminate\\Foundation\\Console\\Kernel->handle(Object(Symfony\\Component\\Console\\Input\\ArgvInput), Object(Symfony\\Component\\Console\\Output\\ConsoleOutput))
#28 {main}
"} 
[2020-03-09 23:09:01] local.ERROR: Factory class must be instance of ParametersFactory {"exception":"[object] (InvalidArgumentException(code: 0): Factory class must be instance of ParametersFactory at /code/admin-app/vendor/vyuldashev/laravel-openapi/src/Annotations/Parameters.php:26)
[stacktrace]
#0 /code/admin-app/vendor/doctrine/annotations/lib/Doctrine/Common/Annotations/DocParser.php(825): Vyuldashev\\LaravelOpenApi\\Annotations\\Parameters->__construct(Array)
#1 /code/admin-app/vendor/doctrine/annotations/lib/Doctrine/Common/Annotations/DocParser.php(661): Doctrine\\Common\\Annotations\\DocParser->Annotation()
#2 /code/admin-app/vendor/doctrine/annotations/lib/Doctrine/Common/Annotations/DocParser.php(354): Doctrine\\Common\\Annotations\\DocParser->Annotations()
#3 /code/admin-app/vendor/doctrine/annotations/lib/Doctrine/Common/Annotations/AnnotationReader.php(282): Doctrine\\Common\\Annotations\\DocParser->parse('/**\
     * Upda...', 'method App\\\\Http...')
#4 /code/admin-app/vendor/vyuldashev/laravel-openapi/src/RouteInformation.php(79): Doctrine\\Common\\Annotations\\AnnotationReader->getMethodAnnotations(Object(ReflectionMethod))
#5 /code/admin-app/vendor/laravel/framework/src/Illuminate/Support/helpers.php(424): Vyuldashev\\LaravelOpenApi\\RouteInformation::Vyuldashev\\LaravelOpenApi\\{closure}(Object(Vyuldashev\\LaravelOpenApi\\RouteInformation))
#6 /code/admin-app/vendor/vyuldashev/laravel-openapi/src/RouteInformation.php(92): tap(Object(Vyuldashev\\LaravelOpenApi\\RouteInformation), Object(Closure))
#7 /code/admin-app/vendor/vyuldashev/laravel-openapi/src/Builders/PathsBuilder.php(84): Vyuldashev\\LaravelOpenApi\\RouteInformation::createFromRoute(Object(Illuminate\\Routing\\Route))
#8 [internal function]: Vyuldashev\\LaravelOpenApi\\Builders\\PathsBuilder::Vyuldashev\\LaravelOpenApi\\Builders\\{closure}(Object(Illuminate\\Routing\\Route), 14)
#9 /code/admin-app/vendor/laravel/framework/src/Illuminate/Support/Collection.php(638): array_map(Object(Closure), Array, Array)
#10 /code/admin-app/vendor/vyuldashev/laravel-openapi/src/Builders/PathsBuilder.php(85): Illuminate\\Support\\Collection->map(Object(Closure))
#11 /code/admin-app/vendor/vyuldashev/laravel-openapi/src/Builders/PathsBuilder.php(35): Vyuldashev\\LaravelOpenApi\\Builders\\PathsBuilder->routes()
#12 /code/admin-app/vendor/vyuldashev/laravel-openapi/src/Generator.php(49): Vyuldashev\\LaravelOpenApi\\Builders\\PathsBuilder->build('default', Array)
#13 /code/admin-app/vendor/vyuldashev/laravel-openapi/src/Console/GenerateCommand.php(27): Vyuldashev\\LaravelOpenApi\\Generator->generate('default')
#14 [internal function]: Vyuldashev\\LaravelOpenApi\\Console\\GenerateCommand->handle(Object(Vyuldashev\\LaravelOpenApi\\Generator))
#15 /code/admin-app/vendor/laravel/framework/src/Illuminate/Container/BoundMethod.php(32): call_user_func_array(Array, Array)
#16 /code/admin-app/vendor/laravel/framework/src/Illuminate/Container/BoundMethod.php(90): Illuminate\\Container\\BoundMethod::Illuminate\\Container\\{closure}()
#17 /code/admin-app/vendor/laravel/framework/src/Illuminate/Container/BoundMethod.php(34): Illuminate\\Container\\BoundMethod::callBoundMethod(Object(Illuminate\\Foundation\\Application), Array, Object(Closure))
#18 /code/admin-app/vendor/laravel/framework/src/Illuminate/Container/Container.php(591): Illuminate\\Container\\BoundMethod::call(Object(Illuminate\\Foundation\\Application), Array, Array, NULL)
#19 /code/admin-app/vendor/laravel/framework/src/Illuminate/Console/Command.php(192): Illuminate\\Container\\Container->call(Array)
#20 /code/admin-app/vendor/symfony/console/Command/Command.php(255): Illuminate\\Console\\Command->execute(Object(Symfony\\Component\\Console\\Input\\ArgvInput), Object(Illuminate\\Console\\OutputStyle))
#21 /code/admin-app/vendor/laravel/framework/src/Illuminate/Console/Command.php(179): Symfony\\Component\\Console\\Command\\Command->run(Object(Symfony\\Component\\Console\\Input\\ArgvInput), Object(Illuminate\\Console\\OutputStyle))
#22 /code/admin-app/vendor/symfony/console/Application.php(915): Illuminate\\Console\\Command->run(Object(Symfony\\Component\\Console\\Input\\ArgvInput), Object(Symfony\\Component\\Console\\Output\\ConsoleOutput))
#23 /code/admin-app/vendor/symfony/console/Application.php(272): Symfony\\Component\\Console\\Application->doRunCommand(Object(Vyuldashev\\LaravelOpenApi\\Console\\GenerateCommand), Object(Symfony\\Component\\Console\\Input\\ArgvInput), Object(Symfony\\Component\\Console\\Output\\ConsoleOutput))
#24 /code/admin-app/vendor/symfony/console/Application.php(148): Symfony\\Component\\Console\\Application->doRun(Object(Symfony\\Component\\Console\\Input\\ArgvInput), Object(Symfony\\Component\\Console\\Output\\ConsoleOutput))
#25 /code/admin-app/vendor/laravel/framework/src/Illuminate/Console/Application.php(90): Symfony\\Component\\Console\\Application->run(Object(Symfony\\Component\\Console\\Input\\ArgvInput), Object(Symfony\\Component\\Console\\Output\\ConsoleOutput))
#26 /code/admin-app/vendor/laravel/framework/src/Illuminate/Foundation/Console/Kernel.php(131): Illuminate\\Console\\Application->run(Object(Symfony\\Component\\Console\\Input\\ArgvInput), Object(Symfony\\Component\\Console\\Output\\ConsoleOutput))
#27 /code/admin-app/artisan(37): Illuminate\\Foundation\\Console\\Kernel->handle(Object(Symfony\\Component\\Console\\Input\\ArgvInput), Object(Symfony\\Component\\Console\\Output\\ConsoleOutput))
#28 {main}
"} 
[2020-03-09 23:10:56] local.ERROR: Argument 1 passed to GoldSpecDigital\ObjectOrientedOAS\Objects\Response::content() must be an instance of GoldSpecDigital\ObjectOrientedOAS\Objects\MediaType, string given, called in /code/admin-app/app/OpenApi/Responses/PutUserResponse.php on line 14 {"exception":"[object] (Symfony\\Component\\Debug\\Exception\\FatalThrowableError(code: 0): Argument 1 passed to GoldSpecDigital\\ObjectOrientedOAS\\Objects\\Response::content() must be an instance of GoldSpecDigital\\ObjectOrientedOAS\\Objects\\MediaType, string given, called in /code/admin-app/app/OpenApi/Responses/PutUserResponse.php on line 14 at /code/admin-app/vendor/goldspecdigital/oooas/src/Objects/Response.php:207)
[stacktrace]
#0 /code/admin-app/app/OpenApi/Responses/PutUserResponse.php(14): GoldSpecDigital\\ObjectOrientedOAS\\Objects\\Response->content('App\\\\OpenApi\\\\Sch...')
#1 /code/admin-app/vendor/vyuldashev/laravel-openapi/src/Builders/Paths/Operation/ResponsesBuilder.php(20): App\\OpenApi\\Responses\\PutUserResponse->build()
#2 [internal function]: Vyuldashev\\LaravelOpenApi\\Builders\\Paths\\Operation\\ResponsesBuilder::Vyuldashev\\LaravelOpenApi\\Builders\\Paths\\Operation\\{closure}(Object(Vyuldashev\\LaravelOpenApi\\Annotations\\Response), 1)
#3 /code/admin-app/vendor/laravel/framework/src/Illuminate/Support/Collection.php(638): array_map(Object(Closure), Array, Array)
#4 /code/admin-app/vendor/vyuldashev/laravel-openapi/src/Builders/Paths/Operation/ResponsesBuilder.php(29): Illuminate\\Support\\Collection->map(Object(Closure))
#5 /code/admin-app/vendor/vyuldashev/laravel-openapi/src/Builders/Paths/OperationsBuilder.php(62): Vyuldashev\\LaravelOpenApi\\Builders\\Paths\\Operation\\ResponsesBuilder->build(Object(Vyuldashev\\LaravelOpenApi\\RouteInformation))
#6 /code/admin-app/vendor/vyuldashev/laravel-openapi/src/Builders/PathsBuilder.php(62): Vyuldashev\\LaravelOpenApi\\Builders\\Paths\\OperationsBuilder->build(Object(Illuminate\\Support\\Collection))
#7 [internal function]: Vyuldashev\\LaravelOpenApi\\Builders\\PathsBuilder->Vyuldashev\\LaravelOpenApi\\Builders\\{closure}(Object(Illuminate\\Support\\Collection), '/api/profile')
#8 /code/admin-app/vendor/laravel/framework/src/Illuminate/Support/Collection.php(638): array_map(Object(Closure), Array, Array)
#9 /code/admin-app/vendor/vyuldashev/laravel-openapi/src/Builders/PathsBuilder.php(65): Illuminate\\Support\\Collection->map(Object(Closure))
#10 /code/admin-app/vendor/vyuldashev/laravel-openapi/src/Generator.php(49): Vyuldashev\\LaravelOpenApi\\Builders\\PathsBuilder->build('default', Array)
#11 /code/admin-app/vendor/vyuldashev/laravel-openapi/src/Console/GenerateCommand.php(27): Vyuldashev\\LaravelOpenApi\\Generator->generate('default')
#12 [internal function]: Vyuldashev\\LaravelOpenApi\\Console\\GenerateCommand->handle(Object(Vyuldashev\\LaravelOpenApi\\Generator))
#13 /code/admin-app/vendor/laravel/framework/src/Illuminate/Container/BoundMethod.php(32): call_user_func_array(Array, Array)
#14 /code/admin-app/vendor/laravel/framework/src/Illuminate/Container/BoundMethod.php(90): Illuminate\\Container\\BoundMethod::Illuminate\\Container\\{closure}()
#15 /code/admin-app/vendor/laravel/framework/src/Illuminate/Container/BoundMethod.php(34): Illuminate\\Container\\BoundMethod::callBoundMethod(Object(Illuminate\\Foundation\\Application), Array, Object(Closure))
#16 /code/admin-app/vendor/laravel/framework/src/Illuminate/Container/Container.php(591): Illuminate\\Container\\BoundMethod::call(Object(Illuminate\\Foundation\\Application), Array, Array, NULL)
#17 /code/admin-app/vendor/laravel/framework/src/Illuminate/Console/Command.php(192): Illuminate\\Container\\Container->call(Array)
#18 /code/admin-app/vendor/symfony/console/Command/Command.php(255): Illuminate\\Console\\Command->execute(Object(Symfony\\Component\\Console\\Input\\ArgvInput), Object(Illuminate\\Console\\OutputStyle))
#19 /code/admin-app/vendor/laravel/framework/src/Illuminate/Console/Command.php(179): Symfony\\Component\\Console\\Command\\Command->run(Object(Symfony\\Component\\Console\\Input\\ArgvInput), Object(Illuminate\\Console\\OutputStyle))
#20 /code/admin-app/vendor/symfony/console/Application.php(915): Illuminate\\Console\\Command->run(Object(Symfony\\Component\\Console\\Input\\ArgvInput), Object(Symfony\\Component\\Console\\Output\\ConsoleOutput))
#21 /code/admin-app/vendor/symfony/console/Application.php(272): Symfony\\Component\\Console\\Application->doRunCommand(Object(Vyuldashev\\LaravelOpenApi\\Console\\GenerateCommand), Object(Symfony\\Component\\Console\\Input\\ArgvInput), Object(Symfony\\Component\\Console\\Output\\ConsoleOutput))
#22 /code/admin-app/vendor/symfony/console/Application.php(148): Symfony\\Component\\Console\\Application->doRun(Object(Symfony\\Component\\Console\\Input\\ArgvInput), Object(Symfony\\Component\\Console\\Output\\ConsoleOutput))
#23 /code/admin-app/vendor/laravel/framework/src/Illuminate/Console/Application.php(90): Symfony\\Component\\Console\\Application->run(Object(Symfony\\Component\\Console\\Input\\ArgvInput), Object(Symfony\\Component\\Console\\Output\\ConsoleOutput))
#24 /code/admin-app/vendor/laravel/framework/src/Illuminate/Foundation/Console/Kernel.php(131): Illuminate\\Console\\Application->run(Object(Symfony\\Component\\Console\\Input\\ArgvInput), Object(Symfony\\Component\\Console\\Output\\ConsoleOutput))
#25 /code/admin-app/artisan(37): Illuminate\\Foundation\\Console\\Kernel->handle(Object(Symfony\\Component\\Console\\Input\\ArgvInput), Object(Symfony\\Component\\Console\\Output\\ConsoleOutput))
#26 {main}
"} 
[2020-03-09 23:12:11] local.ERROR: Argument 1 passed to GoldSpecDigital\ObjectOrientedOAS\Objects\Response::content() must be an instance of GoldSpecDigital\ObjectOrientedOAS\Objects\MediaType, string given, called in /code/admin-app/app/OpenApi/Responses/PutUserResponse.php on line 14 {"exception":"[object] (Symfony\\Component\\Debug\\Exception\\FatalThrowableError(code: 0): Argument 1 passed to GoldSpecDigital\\ObjectOrientedOAS\\Objects\\Response::content() must be an instance of GoldSpecDigital\\ObjectOrientedOAS\\Objects\\MediaType, string given, called in /code/admin-app/app/OpenApi/Responses/PutUserResponse.php on line 14 at /code/admin-app/vendor/goldspecdigital/oooas/src/Objects/Response.php:207)
[stacktrace]
#0 /code/admin-app/app/OpenApi/Responses/PutUserResponse.php(14): GoldSpecDigital\\ObjectOrientedOAS\\Objects\\Response->content('App\\\\OpenApi\\\\Sch...')
#1 /code/admin-app/vendor/vyuldashev/laravel-openapi/src/Builders/Paths/Operation/ResponsesBuilder.php(20): App\\OpenApi\\Responses\\PutUserResponse->build()
#2 [internal function]: Vyuldashev\\LaravelOpenApi\\Builders\\Paths\\Operation\\ResponsesBuilder::Vyuldashev\\LaravelOpenApi\\Builders\\Paths\\Operation\\{closure}(Object(Vyuldashev\\LaravelOpenApi\\Annotations\\Response), 1)
#3 /code/admin-app/vendor/laravel/framework/src/Illuminate/Support/Collection.php(638): array_map(Object(Closure), Array, Array)
#4 /code/admin-app/vendor/vyuldashev/laravel-openapi/src/Builders/Paths/Operation/ResponsesBuilder.php(29): Illuminate\\Support\\Collection->map(Object(Closure))
#5 /code/admin-app/vendor/vyuldashev/laravel-openapi/src/Builders/Paths/OperationsBuilder.php(62): Vyuldashev\\LaravelOpenApi\\Builders\\Paths\\Operation\\ResponsesBuilder->build(Object(Vyuldashev\\LaravelOpenApi\\RouteInformation))
#6 /code/admin-app/vendor/vyuldashev/laravel-openapi/src/Builders/PathsBuilder.php(62): Vyuldashev\\LaravelOpenApi\\Builders\\Paths\\OperationsBuilder->build(Object(Illuminate\\Support\\Collection))
#7 [internal function]: Vyuldashev\\LaravelOpenApi\\Builders\\PathsBuilder->Vyuldashev\\LaravelOpenApi\\Builders\\{closure}(Object(Illuminate\\Support\\Collection), '/api/profile')
#8 /code/admin-app/vendor/laravel/framework/src/Illuminate/Support/Collection.php(638): array_map(Object(Closure), Array, Array)
#9 /code/admin-app/vendor/vyuldashev/laravel-openapi/src/Builders/PathsBuilder.php(65): Illuminate\\Support\\Collection->map(Object(Closure))
#10 /code/admin-app/vendor/vyuldashev/laravel-openapi/src/Generator.php(49): Vyuldashev\\LaravelOpenApi\\Builders\\PathsBuilder->build('default', Array)
#11 /code/admin-app/vendor/vyuldashev/laravel-openapi/src/Console/GenerateCommand.php(27): Vyuldashev\\LaravelOpenApi\\Generator->generate('default')
#12 [internal function]: Vyuldashev\\LaravelOpenApi\\Console\\GenerateCommand->handle(Object(Vyuldashev\\LaravelOpenApi\\Generator))
#13 /code/admin-app/vendor/laravel/framework/src/Illuminate/Container/BoundMethod.php(32): call_user_func_array(Array, Array)
#14 /code/admin-app/vendor/laravel/framework/src/Illuminate/Container/BoundMethod.php(90): Illuminate\\Container\\BoundMethod::Illuminate\\Container\\{closure}()
#15 /code/admin-app/vendor/laravel/framework/src/Illuminate/Container/BoundMethod.php(34): Illuminate\\Container\\BoundMethod::callBoundMethod(Object(Illuminate\\Foundation\\Application), Array, Object(Closure))
#16 /code/admin-app/vendor/laravel/framework/src/Illuminate/Container/Container.php(591): Illuminate\\Container\\BoundMethod::call(Object(Illuminate\\Foundation\\Application), Array, Array, NULL)
#17 /code/admin-app/vendor/laravel/framework/src/Illuminate/Console/Command.php(192): Illuminate\\Container\\Container->call(Array)
#18 /code/admin-app/vendor/symfony/console/Command/Command.php(255): Illuminate\\Console\\Command->execute(Object(Symfony\\Component\\Console\\Input\\ArgvInput), Object(Illuminate\\Console\\OutputStyle))
#19 /code/admin-app/vendor/laravel/framework/src/Illuminate/Console/Command.php(179): Symfony\\Component\\Console\\Command\\Command->run(Object(Symfony\\Component\\Console\\Input\\ArgvInput), Object(Illuminate\\Console\\OutputStyle))
#20 /code/admin-app/vendor/symfony/console/Application.php(915): Illuminate\\Console\\Command->run(Object(Symfony\\Component\\Console\\Input\\ArgvInput), Object(Symfony\\Component\\Console\\Output\\ConsoleOutput))
#21 /code/admin-app/vendor/symfony/console/Application.php(272): Symfony\\Component\\Console\\Application->doRunCommand(Object(Vyuldashev\\LaravelOpenApi\\Console\\GenerateCommand), Object(Symfony\\Component\\Console\\Input\\ArgvInput), Object(Symfony\\Component\\Console\\Output\\ConsoleOutput))
#22 /code/admin-app/vendor/symfony/console/Application.php(148): Symfony\\Component\\Console\\Application->doRun(Object(Symfony\\Component\\Console\\Input\\ArgvInput), Object(Symfony\\Component\\Console\\Output\\ConsoleOutput))
#23 /code/admin-app/vendor/laravel/framework/src/Illuminate/Console/Application.php(90): Symfony\\Component\\Console\\Application->run(Object(Symfony\\Component\\Console\\Input\\ArgvInput), Object(Symfony\\Component\\Console\\Output\\ConsoleOutput))
#24 /code/admin-app/vendor/laravel/framework/src/Illuminate/Foundation/Console/Kernel.php(131): Illuminate\\Console\\Application->run(Object(Symfony\\Component\\Console\\Input\\ArgvInput), Object(Symfony\\Component\\Console\\Output\\ConsoleOutput))
#25 /code/admin-app/artisan(37): Illuminate\\Foundation\\Console\\Kernel->handle(Object(Symfony\\Component\\Console\\Input\\ArgvInput), Object(Symfony\\Component\\Console\\Output\\ConsoleOutput))
#26 {main}
"} 
[2020-03-09 23:12:36] local.ERROR: Argument 1 passed to GoldSpecDigital\ObjectOrientedOAS\Objects\Response::content() must be an instance of GoldSpecDigital\ObjectOrientedOAS\Objects\MediaType, string given, called in /code/admin-app/app/OpenApi/Responses/PutUserResponse.php on line 14 {"exception":"[object] (Symfony\\Component\\Debug\\Exception\\FatalThrowableError(code: 0): Argument 1 passed to GoldSpecDigital\\ObjectOrientedOAS\\Objects\\Response::content() must be an instance of GoldSpecDigital\\ObjectOrientedOAS\\Objects\\MediaType, string given, called in /code/admin-app/app/OpenApi/Responses/PutUserResponse.php on line 14 at /code/admin-app/vendor/goldspecdigital/oooas/src/Objects/Response.php:207)
[stacktrace]
#0 /code/admin-app/app/OpenApi/Responses/PutUserResponse.php(14): GoldSpecDigital\\ObjectOrientedOAS\\Objects\\Response->content('App\\\\OpenApi\\\\Sch...')
#1 /code/admin-app/vendor/vyuldashev/laravel-openapi/src/Builders/Paths/Operation/ResponsesBuilder.php(20): App\\OpenApi\\Responses\\PutUserResponse->build()
#2 [internal function]: Vyuldashev\\LaravelOpenApi\\Builders\\Paths\\Operation\\ResponsesBuilder::Vyuldashev\\LaravelOpenApi\\Builders\\Paths\\Operation\\{closure}(Object(Vyuldashev\\LaravelOpenApi\\Annotations\\Response), 1)
#3 /code/admin-app/vendor/laravel/framework/src/Illuminate/Support/Collection.php(638): array_map(Object(Closure), Array, Array)
#4 /code/admin-app/vendor/vyuldashev/laravel-openapi/src/Builders/Paths/Operation/ResponsesBuilder.php(29): Illuminate\\Support\\Collection->map(Object(Closure))
#5 /code/admin-app/vendor/vyuldashev/laravel-openapi/src/Builders/Paths/OperationsBuilder.php(62): Vyuldashev\\LaravelOpenApi\\Builders\\Paths\\Operation\\ResponsesBuilder->build(Object(Vyuldashev\\LaravelOpenApi\\RouteInformation))
#6 /code/admin-app/vendor/vyuldashev/laravel-openapi/src/Builders/PathsBuilder.php(62): Vyuldashev\\LaravelOpenApi\\Builders\\Paths\\OperationsBuilder->build(Object(Illuminate\\Support\\Collection))
#7 [internal function]: Vyuldashev\\LaravelOpenApi\\Builders\\PathsBuilder->Vyuldashev\\LaravelOpenApi\\Builders\\{closure}(Object(Illuminate\\Support\\Collection), '/api/profile')
#8 /code/admin-app/vendor/laravel/framework/src/Illuminate/Support/Collection.php(638): array_map(Object(Closure), Array, Array)
#9 /code/admin-app/vendor/vyuldashev/laravel-openapi/src/Builders/PathsBuilder.php(65): Illuminate\\Support\\Collection->map(Object(Closure))
#10 /code/admin-app/vendor/vyuldashev/laravel-openapi/src/Generator.php(49): Vyuldashev\\LaravelOpenApi\\Builders\\PathsBuilder->build('default', Array)
#11 /code/admin-app/vendor/vyuldashev/laravel-openapi/src/Console/GenerateCommand.php(27): Vyuldashev\\LaravelOpenApi\\Generator->generate('default')
#12 [internal function]: Vyuldashev\\LaravelOpenApi\\Console\\GenerateCommand->handle(Object(Vyuldashev\\LaravelOpenApi\\Generator))
#13 /code/admin-app/vendor/laravel/framework/src/Illuminate/Container/BoundMethod.php(32): call_user_func_array(Array, Array)
#14 /code/admin-app/vendor/laravel/framework/src/Illuminate/Container/BoundMethod.php(90): Illuminate\\Container\\BoundMethod::Illuminate\\Container\\{closure}()
#15 /code/admin-app/vendor/laravel/framework/src/Illuminate/Container/BoundMethod.php(34): Illuminate\\Container\\BoundMethod::callBoundMethod(Object(Illuminate\\Foundation\\Application), Array, Object(Closure))
#16 /code/admin-app/vendor/laravel/framework/src/Illuminate/Container/Container.php(591): Illuminate\\Container\\BoundMethod::call(Object(Illuminate\\Foundation\\Application), Array, Array, NULL)
#17 /code/admin-app/vendor/laravel/framework/src/Illuminate/Console/Command.php(192): Illuminate\\Container\\Container->call(Array)
#18 /code/admin-app/vendor/symfony/console/Command/Command.php(255): Illuminate\\Console\\Command->execute(Object(Symfony\\Component\\Console\\Input\\ArgvInput), Object(Illuminate\\Console\\OutputStyle))
#19 /code/admin-app/vendor/laravel/framework/src/Illuminate/Console/Command.php(179): Symfony\\Component\\Console\\Command\\Command->run(Object(Symfony\\Component\\Console\\Input\\ArgvInput), Object(Illuminate\\Console\\OutputStyle))
#20 /code/admin-app/vendor/symfony/console/Application.php(915): Illuminate\\Console\\Command->run(Object(Symfony\\Component\\Console\\Input\\ArgvInput), Object(Symfony\\Component\\Console\\Output\\ConsoleOutput))
#21 /code/admin-app/vendor/symfony/console/Application.php(272): Symfony\\Component\\Console\\Application->doRunCommand(Object(Vyuldashev\\LaravelOpenApi\\Console\\GenerateCommand), Object(Symfony\\Component\\Console\\Input\\ArgvInput), Object(Symfony\\Component\\Console\\Output\\ConsoleOutput))
#22 /code/admin-app/vendor/symfony/console/Application.php(148): Symfony\\Component\\Console\\Application->doRun(Object(Symfony\\Component\\Console\\Input\\ArgvInput), Object(Symfony\\Component\\Console\\Output\\ConsoleOutput))
#23 /code/admin-app/vendor/laravel/framework/src/Illuminate/Console/Application.php(90): Symfony\\Component\\Console\\Application->run(Object(Symfony\\Component\\Console\\Input\\ArgvInput), Object(Symfony\\Component\\Console\\Output\\ConsoleOutput))
#24 /code/admin-app/vendor/laravel/framework/src/Illuminate/Foundation/Console/Kernel.php(131): Illuminate\\Console\\Application->run(Object(Symfony\\Component\\Console\\Input\\ArgvInput), Object(Symfony\\Component\\Console\\Output\\ConsoleOutput))
#25 /code/admin-app/artisan(37): Illuminate\\Foundation\\Console\\Kernel->handle(Object(Symfony\\Component\\Console\\Input\\ArgvInput), Object(Symfony\\Component\\Console\\Output\\ConsoleOutput))
#26 {main}
"} 
[2020-03-09 23:14:30] local.ERROR: Argument 1 passed to GoldSpecDigital\ObjectOrientedOAS\Objects\Response::content() must be an instance of GoldSpecDigital\ObjectOrientedOAS\Objects\MediaType, string given, called in /code/admin-app/app/OpenApi/Responses/PutUserResponse.php on line 14 {"exception":"[object] (Symfony\\Component\\Debug\\Exception\\FatalThrowableError(code: 0): Argument 1 passed to GoldSpecDigital\\ObjectOrientedOAS\\Objects\\Response::content() must be an instance of GoldSpecDigital\\ObjectOrientedOAS\\Objects\\MediaType, string given, called in /code/admin-app/app/OpenApi/Responses/PutUserResponse.php on line 14 at /code/admin-app/vendor/goldspecdigital/oooas/src/Objects/Response.php:207)
[stacktrace]
#0 /code/admin-app/app/OpenApi/Responses/PutUserResponse.php(14): GoldSpecDigital\\ObjectOrientedOAS\\Objects\\Response->content('App\\\\OpenApi\\\\Sch...')
#1 /code/admin-app/vendor/vyuldashev/laravel-openapi/src/Builders/Paths/Operation/ResponsesBuilder.php(20): App\\OpenApi\\Responses\\PutUserResponse->build()
#2 [internal function]: Vyuldashev\\LaravelOpenApi\\Builders\\Paths\\Operation\\ResponsesBuilder::Vyuldashev\\LaravelOpenApi\\Builders\\Paths\\Operation\\{closure}(Object(Vyuldashev\\LaravelOpenApi\\Annotations\\Response), 1)
#3 /code/admin-app/vendor/laravel/framework/src/Illuminate/Support/Collection.php(638): array_map(Object(Closure), Array, Array)
#4 /code/admin-app/vendor/vyuldashev/laravel-openapi/src/Builders/Paths/Operation/ResponsesBuilder.php(29): Illuminate\\Support\\Collection->map(Object(Closure))
#5 /code/admin-app/vendor/vyuldashev/laravel-openapi/src/Builders/Paths/OperationsBuilder.php(62): Vyuldashev\\LaravelOpenApi\\Builders\\Paths\\Operation\\ResponsesBuilder->build(Object(Vyuldashev\\LaravelOpenApi\\RouteInformation))
#6 /code/admin-app/vendor/vyuldashev/laravel-openapi/src/Builders/PathsBuilder.php(62): Vyuldashev\\LaravelOpenApi\\Builders\\Paths\\OperationsBuilder->build(Object(Illuminate\\Support\\Collection))
#7 [internal function]: Vyuldashev\\LaravelOpenApi\\Builders\\PathsBuilder->Vyuldashev\\LaravelOpenApi\\Builders\\{closure}(Object(Illuminate\\Support\\Collection), '/api/profile')
#8 /code/admin-app/vendor/laravel/framework/src/Illuminate/Support/Collection.php(638): array_map(Object(Closure), Array, Array)
#9 /code/admin-app/vendor/vyuldashev/laravel-openapi/src/Builders/PathsBuilder.php(65): Illuminate\\Support\\Collection->map(Object(Closure))
#10 /code/admin-app/vendor/vyuldashev/laravel-openapi/src/Generator.php(49): Vyuldashev\\LaravelOpenApi\\Builders\\PathsBuilder->build('default', Array)
#11 /code/admin-app/vendor/vyuldashev/laravel-openapi/src/Console/GenerateCommand.php(27): Vyuldashev\\LaravelOpenApi\\Generator->generate('default')
#12 [internal function]: Vyuldashev\\LaravelOpenApi\\Console\\GenerateCommand->handle(Object(Vyuldashev\\LaravelOpenApi\\Generator))
#13 /code/admin-app/vendor/laravel/framework/src/Illuminate/Container/BoundMethod.php(32): call_user_func_array(Array, Array)
#14 /code/admin-app/vendor/laravel/framework/src/Illuminate/Container/BoundMethod.php(90): Illuminate\\Container\\BoundMethod::Illuminate\\Container\\{closure}()
#15 /code/admin-app/vendor/laravel/framework/src/Illuminate/Container/BoundMethod.php(34): Illuminate\\Container\\BoundMethod::callBoundMethod(Object(Illuminate\\Foundation\\Application), Array, Object(Closure))
#16 /code/admin-app/vendor/laravel/framework/src/Illuminate/Container/Container.php(591): Illuminate\\Container\\BoundMethod::call(Object(Illuminate\\Foundation\\Application), Array, Array, NULL)
#17 /code/admin-app/vendor/laravel/framework/src/Illuminate/Console/Command.php(192): Illuminate\\Container\\Container->call(Array)
#18 /code/admin-app/vendor/symfony/console/Command/Command.php(255): Illuminate\\Console\\Command->execute(Object(Symfony\\Component\\Console\\Input\\ArgvInput), Object(Illuminate\\Console\\OutputStyle))
#19 /code/admin-app/vendor/laravel/framework/src/Illuminate/Console/Command.php(179): Symfony\\Component\\Console\\Command\\Command->run(Object(Symfony\\Component\\Console\\Input\\ArgvInput), Object(Illuminate\\Console\\OutputStyle))
#20 /code/admin-app/vendor/symfony/console/Application.php(915): Illuminate\\Console\\Command->run(Object(Symfony\\Component\\Console\\Input\\ArgvInput), Object(Symfony\\Component\\Console\\Output\\ConsoleOutput))
#21 /code/admin-app/vendor/symfony/console/Application.php(272): Symfony\\Component\\Console\\Application->doRunCommand(Object(Vyuldashev\\LaravelOpenApi\\Console\\GenerateCommand), Object(Symfony\\Component\\Console\\Input\\ArgvInput), Object(Symfony\\Component\\Console\\Output\\ConsoleOutput))
#22 /code/admin-app/vendor/symfony/console/Application.php(148): Symfony\\Component\\Console\\Application->doRun(Object(Symfony\\Component\\Console\\Input\\ArgvInput), Object(Symfony\\Component\\Console\\Output\\ConsoleOutput))
#23 /code/admin-app/vendor/laravel/framework/src/Illuminate/Console/Application.php(90): Symfony\\Component\\Console\\Application->run(Object(Symfony\\Component\\Console\\Input\\ArgvInput), Object(Symfony\\Component\\Console\\Output\\ConsoleOutput))
#24 /code/admin-app/vendor/laravel/framework/src/Illuminate/Foundation/Console/Kernel.php(131): Illuminate\\Console\\Application->run(Object(Symfony\\Component\\Console\\Input\\ArgvInput), Object(Symfony\\Component\\Console\\Output\\ConsoleOutput))
#25 /code/admin-app/artisan(37): Illuminate\\Foundation\\Console\\Kernel->handle(Object(Symfony\\Component\\Console\\Input\\ArgvInput), Object(Symfony\\Component\\Console\\Output\\ConsoleOutput))
#26 {main}
"} 
[2020-03-09 23:15:28] local.ERROR: Argument 1 passed to GoldSpecDigital\ObjectOrientedOAS\Objects\Response::content() must be an instance of GoldSpecDigital\ObjectOrientedOAS\Objects\MediaType, string given, called in /code/admin-app/app/OpenApi/Responses/PutUserResponse.php on line 14 {"exception":"[object] (Symfony\\Component\\Debug\\Exception\\FatalThrowableError(code: 0): Argument 1 passed to GoldSpecDigital\\ObjectOrientedOAS\\Objects\\Response::content() must be an instance of GoldSpecDigital\\ObjectOrientedOAS\\Objects\\MediaType, string given, called in /code/admin-app/app/OpenApi/Responses/PutUserResponse.php on line 14 at /code/admin-app/vendor/goldspecdigital/oooas/src/Objects/Response.php:207)
[stacktrace]
#0 /code/admin-app/app/OpenApi/Responses/PutUserResponse.php(14): GoldSpecDigital\\ObjectOrientedOAS\\Objects\\Response->content('App\\\\OpenApi\\\\Sch...')
#1 /code/admin-app/vendor/vyuldashev/laravel-openapi/src/Builders/Paths/Operation/ResponsesBuilder.php(20): App\\OpenApi\\Responses\\PutUserResponse->build()
#2 [internal function]: Vyuldashev\\LaravelOpenApi\\Builders\\Paths\\Operation\\ResponsesBuilder::Vyuldashev\\LaravelOpenApi\\Builders\\Paths\\Operation\\{closure}(Object(Vyuldashev\\LaravelOpenApi\\Annotations\\Response), 1)
#3 /code/admin-app/vendor/laravel/framework/src/Illuminate/Support/Collection.php(638): array_map(Object(Closure), Array, Array)
#4 /code/admin-app/vendor/vyuldashev/laravel-openapi/src/Builders/Paths/Operation/ResponsesBuilder.php(29): Illuminate\\Support\\Collection->map(Object(Closure))
#5 /code/admin-app/vendor/vyuldashev/laravel-openapi/src/Builders/Paths/OperationsBuilder.php(62): Vyuldashev\\LaravelOpenApi\\Builders\\Paths\\Operation\\ResponsesBuilder->build(Object(Vyuldashev\\LaravelOpenApi\\RouteInformation))
#6 /code/admin-app/vendor/vyuldashev/laravel-openapi/src/Builders/PathsBuilder.php(62): Vyuldashev\\LaravelOpenApi\\Builders\\Paths\\OperationsBuilder->build(Object(Illuminate\\Support\\Collection))
#7 [internal function]: Vyuldashev\\LaravelOpenApi\\Builders\\PathsBuilder->Vyuldashev\\LaravelOpenApi\\Builders\\{closure}(Object(Illuminate\\Support\\Collection), '/api/profile')
#8 /code/admin-app/vendor/laravel/framework/src/Illuminate/Support/Collection.php(638): array_map(Object(Closure), Array, Array)
#9 /code/admin-app/vendor/vyuldashev/laravel-openapi/src/Builders/PathsBuilder.php(65): Illuminate\\Support\\Collection->map(Object(Closure))
#10 /code/admin-app/vendor/vyuldashev/laravel-openapi/src/Generator.php(49): Vyuldashev\\LaravelOpenApi\\Builders\\PathsBuilder->build('default', Array)
#11 /code/admin-app/vendor/vyuldashev/laravel-openapi/src/Console/GenerateCommand.php(27): Vyuldashev\\LaravelOpenApi\\Generator->generate('default')
#12 [internal function]: Vyuldashev\\LaravelOpenApi\\Console\\GenerateCommand->handle(Object(Vyuldashev\\LaravelOpenApi\\Generator))
#13 /code/admin-app/vendor/laravel/framework/src/Illuminate/Container/BoundMethod.php(32): call_user_func_array(Array, Array)
#14 /code/admin-app/vendor/laravel/framework/src/Illuminate/Container/BoundMethod.php(90): Illuminate\\Container\\BoundMethod::Illuminate\\Container\\{closure}()
#15 /code/admin-app/vendor/laravel/framework/src/Illuminate/Container/BoundMethod.php(34): Illuminate\\Container\\BoundMethod::callBoundMethod(Object(Illuminate\\Foundation\\Application), Array, Object(Closure))
#16 /code/admin-app/vendor/laravel/framework/src/Illuminate/Container/Container.php(591): Illuminate\\Container\\BoundMethod::call(Object(Illuminate\\Foundation\\Application), Array, Array, NULL)
#17 /code/admin-app/vendor/laravel/framework/src/Illuminate/Console/Command.php(192): Illuminate\\Container\\Container->call(Array)
#18 /code/admin-app/vendor/symfony/console/Command/Command.php(255): Illuminate\\Console\\Command->execute(Object(Symfony\\Component\\Console\\Input\\ArgvInput), Object(Illuminate\\Console\\OutputStyle))
#19 /code/admin-app/vendor/laravel/framework/src/Illuminate/Console/Command.php(179): Symfony\\Component\\Console\\Command\\Command->run(Object(Symfony\\Component\\Console\\Input\\ArgvInput), Object(Illuminate\\Console\\OutputStyle))
#20 /code/admin-app/vendor/symfony/console/Application.php(915): Illuminate\\Console\\Command->run(Object(Symfony\\Component\\Console\\Input\\ArgvInput), Object(Symfony\\Component\\Console\\Output\\ConsoleOutput))
#21 /code/admin-app/vendor/symfony/console/Application.php(272): Symfony\\Component\\Console\\Application->doRunCommand(Object(Vyuldashev\\LaravelOpenApi\\Console\\GenerateCommand), Object(Symfony\\Component\\Console\\Input\\ArgvInput), Object(Symfony\\Component\\Console\\Output\\ConsoleOutput))
#22 /code/admin-app/vendor/symfony/console/Application.php(148): Symfony\\Component\\Console\\Application->doRun(Object(Symfony\\Component\\Console\\Input\\ArgvInput), Object(Symfony\\Component\\Console\\Output\\ConsoleOutput))
#23 /code/admin-app/vendor/laravel/framework/src/Illuminate/Console/Application.php(90): Symfony\\Component\\Console\\Application->run(Object(Symfony\\Component\\Console\\Input\\ArgvInput), Object(Symfony\\Component\\Console\\Output\\ConsoleOutput))
#24 /code/admin-app/vendor/laravel/framework/src/Illuminate/Foundation/Console/Kernel.php(131): Illuminate\\Console\\Application->run(Object(Symfony\\Component\\Console\\Input\\ArgvInput), Object(Symfony\\Component\\Console\\Output\\ConsoleOutput))
#25 /code/admin-app/artisan(37): Illuminate\\Foundation\\Console\\Kernel->handle(Object(Symfony\\Component\\Console\\Input\\ArgvInput), Object(Symfony\\Component\\Console\\Output\\ConsoleOutput))
#26 {main}
"} 
[2020-03-09 23:22:31] local.ERROR: "App\OpenApi\Schemas\UserSchema" must implement "Vyuldashev\LaravelOpenApi\Contracts\Reusable" in order to be referencable. {"exception":"[object] (InvalidArgumentException(code: 0): \"App\\OpenApi\\Schemas\\UserSchema\" must implement \"Vyuldashev\\LaravelOpenApi\\Contracts\\Reusable\" in order to be referencable. at /code/admin-app/vendor/vyuldashev/laravel-openapi/src/Concerns/Referencable.php:22)
[stacktrace]
#0 /code/admin-app/app/OpenApi/Responses/PutUserResponse.php(15): Vyuldashev\\LaravelOpenApi\\Factories\\SchemaFactory::ref()
#1 /code/admin-app/vendor/vyuldashev/laravel-openapi/src/Builders/Paths/Operation/ResponsesBuilder.php(20): App\\OpenApi\\Responses\\PutUserResponse->build()
#2 [internal function]: Vyuldashev\\LaravelOpenApi\\Builders\\Paths\\Operation\\ResponsesBuilder::Vyuldashev\\LaravelOpenApi\\Builders\\Paths\\Operation\\{closure}(Object(Vyuldashev\\LaravelOpenApi\\Annotations\\Response), 1)
#3 /code/admin-app/vendor/laravel/framework/src/Illuminate/Support/Collection.php(638): array_map(Object(Closure), Array, Array)
#4 /code/admin-app/vendor/vyuldashev/laravel-openapi/src/Builders/Paths/Operation/ResponsesBuilder.php(29): Illuminate\\Support\\Collection->map(Object(Closure))
#5 /code/admin-app/vendor/vyuldashev/laravel-openapi/src/Builders/Paths/OperationsBuilder.php(62): Vyuldashev\\LaravelOpenApi\\Builders\\Paths\\Operation\\ResponsesBuilder->build(Object(Vyuldashev\\LaravelOpenApi\\RouteInformation))
#6 /code/admin-app/vendor/vyuldashev/laravel-openapi/src/Builders/PathsBuilder.php(62): Vyuldashev\\LaravelOpenApi\\Builders\\Paths\\OperationsBuilder->build(Object(Illuminate\\Support\\Collection))
#7 [internal function]: Vyuldashev\\LaravelOpenApi\\Builders\\PathsBuilder->Vyuldashev\\LaravelOpenApi\\Builders\\{closure}(Object(Illuminate\\Support\\Collection), '/api/profile')
#8 /code/admin-app/vendor/laravel/framework/src/Illuminate/Support/Collection.php(638): array_map(Object(Closure), Array, Array)
#9 /code/admin-app/vendor/vyuldashev/laravel-openapi/src/Builders/PathsBuilder.php(65): Illuminate\\Support\\Collection->map(Object(Closure))
#10 /code/admin-app/vendor/vyuldashev/laravel-openapi/src/Generator.php(49): Vyuldashev\\LaravelOpenApi\\Builders\\PathsBuilder->build('default', Array)
#11 /code/admin-app/vendor/vyuldashev/laravel-openapi/src/Console/GenerateCommand.php(27): Vyuldashev\\LaravelOpenApi\\Generator->generate('default')
#12 [internal function]: Vyuldashev\\LaravelOpenApi\\Console\\GenerateCommand->handle(Object(Vyuldashev\\LaravelOpenApi\\Generator))
#13 /code/admin-app/vendor/laravel/framework/src/Illuminate/Container/BoundMethod.php(32): call_user_func_array(Array, Array)
#14 /code/admin-app/vendor/laravel/framework/src/Illuminate/Container/BoundMethod.php(90): Illuminate\\Container\\BoundMethod::Illuminate\\Container\\{closure}()
#15 /code/admin-app/vendor/laravel/framework/src/Illuminate/Container/BoundMethod.php(34): Illuminate\\Container\\BoundMethod::callBoundMethod(Object(Illuminate\\Foundation\\Application), Array, Object(Closure))
#16 /code/admin-app/vendor/laravel/framework/src/Illuminate/Container/Container.php(591): Illuminate\\Container\\BoundMethod::call(Object(Illuminate\\Foundation\\Application), Array, Array, NULL)
#17 /code/admin-app/vendor/laravel/framework/src/Illuminate/Console/Command.php(192): Illuminate\\Container\\Container->call(Array)
#18 /code/admin-app/vendor/symfony/console/Command/Command.php(255): Illuminate\\Console\\Command->execute(Object(Symfony\\Component\\Console\\Input\\ArgvInput), Object(Illuminate\\Console\\OutputStyle))
#19 /code/admin-app/vendor/laravel/framework/src/Illuminate/Console/Command.php(179): Symfony\\Component\\Console\\Command\\Command->run(Object(Symfony\\Component\\Console\\Input\\ArgvInput), Object(Illuminate\\Console\\OutputStyle))
#20 /code/admin-app/vendor/symfony/console/Application.php(915): Illuminate\\Console\\Command->run(Object(Symfony\\Component\\Console\\Input\\ArgvInput), Object(Symfony\\Component\\Console\\Output\\ConsoleOutput))
#21 /code/admin-app/vendor/symfony/console/Application.php(272): Symfony\\Component\\Console\\Application->doRunCommand(Object(Vyuldashev\\LaravelOpenApi\\Console\\GenerateCommand), Object(Symfony\\Component\\Console\\Input\\ArgvInput), Object(Symfony\\Component\\Console\\Output\\ConsoleOutput))
#22 /code/admin-app/vendor/symfony/console/Application.php(148): Symfony\\Component\\Console\\Application->doRun(Object(Symfony\\Component\\Console\\Input\\ArgvInput), Object(Symfony\\Component\\Console\\Output\\ConsoleOutput))
#23 /code/admin-app/vendor/laravel/framework/src/Illuminate/Console/Application.php(90): Symfony\\Component\\Console\\Application->run(Object(Symfony\\Component\\Console\\Input\\ArgvInput), Object(Symfony\\Component\\Console\\Output\\ConsoleOutput))
#24 /code/admin-app/vendor/laravel/framework/src/Illuminate/Foundation/Console/Kernel.php(131): Illuminate\\Console\\Application->run(Object(Symfony\\Component\\Console\\Input\\ArgvInput), Object(Symfony\\Component\\Console\\Output\\ConsoleOutput))
#25 /code/admin-app/artisan(37): Illuminate\\Foundation\\Console\\Kernel->handle(Object(Symfony\\Component\\Console\\Input\\ArgvInput), Object(Symfony\\Component\\Console\\Output\\ConsoleOutput))
#26 {main}
"} 
[2020-03-09 23:24:01] local.ERROR: Factory class must be instance of ParametersFactory {"exception":"[object] (InvalidArgumentException(code: 0): Factory class must be instance of ParametersFactory at /code/admin-app/vendor/vyuldashev/laravel-openapi/src/Annotations/Parameters.php:26)
[stacktrace]
#0 /code/admin-app/vendor/doctrine/annotations/lib/Doctrine/Common/Annotations/DocParser.php(825): Vyuldashev\\LaravelOpenApi\\Annotations\\Parameters->__construct(Array)
#1 /code/admin-app/vendor/doctrine/annotations/lib/Doctrine/Common/Annotations/DocParser.php(661): Doctrine\\Common\\Annotations\\DocParser->Annotation()
#2 /code/admin-app/vendor/doctrine/annotations/lib/Doctrine/Common/Annotations/DocParser.php(354): Doctrine\\Common\\Annotations\\DocParser->Annotations()
#3 /code/admin-app/vendor/doctrine/annotations/lib/Doctrine/Common/Annotations/AnnotationReader.php(282): Doctrine\\Common\\Annotations\\DocParser->parse('/**\
     * Upda...', 'method App\\\\Http...')
#4 /code/admin-app/vendor/vyuldashev/laravel-openapi/src/RouteInformation.php(79): Doctrine\\Common\\Annotations\\AnnotationReader->getMethodAnnotations(Object(ReflectionMethod))
#5 /code/admin-app/vendor/laravel/framework/src/Illuminate/Support/helpers.php(424): Vyuldashev\\LaravelOpenApi\\RouteInformation::Vyuldashev\\LaravelOpenApi\\{closure}(Object(Vyuldashev\\LaravelOpenApi\\RouteInformation))
#6 /code/admin-app/vendor/vyuldashev/laravel-openapi/src/RouteInformation.php(92): tap(Object(Vyuldashev\\LaravelOpenApi\\RouteInformation), Object(Closure))
#7 /code/admin-app/vendor/vyuldashev/laravel-openapi/src/Builders/PathsBuilder.php(84): Vyuldashev\\LaravelOpenApi\\RouteInformation::createFromRoute(Object(Illuminate\\Routing\\Route))
#8 [internal function]: Vyuldashev\\LaravelOpenApi\\Builders\\PathsBuilder::Vyuldashev\\LaravelOpenApi\\Builders\\{closure}(Object(Illuminate\\Routing\\Route), 14)
#9 /code/admin-app/vendor/laravel/framework/src/Illuminate/Support/Collection.php(638): array_map(Object(Closure), Array, Array)
#10 /code/admin-app/vendor/vyuldashev/laravel-openapi/src/Builders/PathsBuilder.php(85): Illuminate\\Support\\Collection->map(Object(Closure))
#11 /code/admin-app/vendor/vyuldashev/laravel-openapi/src/Builders/PathsBuilder.php(35): Vyuldashev\\LaravelOpenApi\\Builders\\PathsBuilder->routes()
#12 /code/admin-app/vendor/vyuldashev/laravel-openapi/src/Generator.php(49): Vyuldashev\\LaravelOpenApi\\Builders\\PathsBuilder->build('default', Array)
#13 /code/admin-app/vendor/vyuldashev/laravel-openapi/src/Console/GenerateCommand.php(27): Vyuldashev\\LaravelOpenApi\\Generator->generate('default')
#14 [internal function]: Vyuldashev\\LaravelOpenApi\\Console\\GenerateCommand->handle(Object(Vyuldashev\\LaravelOpenApi\\Generator))
#15 /code/admin-app/vendor/laravel/framework/src/Illuminate/Container/BoundMethod.php(32): call_user_func_array(Array, Array)
#16 /code/admin-app/vendor/laravel/framework/src/Illuminate/Container/BoundMethod.php(90): Illuminate\\Container\\BoundMethod::Illuminate\\Container\\{closure}()
#17 /code/admin-app/vendor/laravel/framework/src/Illuminate/Container/BoundMethod.php(34): Illuminate\\Container\\BoundMethod::callBoundMethod(Object(Illuminate\\Foundation\\Application), Array, Object(Closure))
#18 /code/admin-app/vendor/laravel/framework/src/Illuminate/Container/Container.php(591): Illuminate\\Container\\BoundMethod::call(Object(Illuminate\\Foundation\\Application), Array, Array, NULL)
#19 /code/admin-app/vendor/laravel/framework/src/Illuminate/Console/Command.php(192): Illuminate\\Container\\Container->call(Array)
#20 /code/admin-app/vendor/symfony/console/Command/Command.php(255): Illuminate\\Console\\Command->execute(Object(Symfony\\Component\\Console\\Input\\ArgvInput), Object(Illuminate\\Console\\OutputStyle))
#21 /code/admin-app/vendor/laravel/framework/src/Illuminate/Console/Command.php(179): Symfony\\Component\\Console\\Command\\Command->run(Object(Symfony\\Component\\Console\\Input\\ArgvInput), Object(Illuminate\\Console\\OutputStyle))
#22 /code/admin-app/vendor/symfony/console/Application.php(915): Illuminate\\Console\\Command->run(Object(Symfony\\Component\\Console\\Input\\ArgvInput), Object(Symfony\\Component\\Console\\Output\\ConsoleOutput))
#23 /code/admin-app/vendor/symfony/console/Application.php(272): Symfony\\Component\\Console\\Application->doRunCommand(Object(Vyuldashev\\LaravelOpenApi\\Console\\GenerateCommand), Object(Symfony\\Component\\Console\\Input\\ArgvInput), Object(Symfony\\Component\\Console\\Output\\ConsoleOutput))
#24 /code/admin-app/vendor/symfony/console/Application.php(148): Symfony\\Component\\Console\\Application->doRun(Object(Symfony\\Component\\Console\\Input\\ArgvInput), Object(Symfony\\Component\\Console\\Output\\ConsoleOutput))
#25 /code/admin-app/vendor/laravel/framework/src/Illuminate/Console/Application.php(90): Symfony\\Component\\Console\\Application->run(Object(Symfony\\Component\\Console\\Input\\ArgvInput), Object(Symfony\\Component\\Console\\Output\\ConsoleOutput))
#26 /code/admin-app/vendor/laravel/framework/src/Illuminate/Foundation/Console/Kernel.php(131): Illuminate\\Console\\Application->run(Object(Symfony\\Component\\Console\\Input\\ArgvInput), Object(Symfony\\Component\\Console\\Output\\ConsoleOutput))
#27 /code/admin-app/artisan(37): Illuminate\\Foundation\\Console\\Kernel->handle(Object(Symfony\\Component\\Console\\Input\\ArgvInput), Object(Symfony\\Component\\Console\\Output\\ConsoleOutput))
#28 {main}
"} 
[2020-03-09 23:24:51] local.ERROR: Argument 1 passed to GoldSpecDigital\ObjectOrientedOAS\Objects\BaseObject::create() must be of the type string or null, object given, called in /code/admin-app/app/OpenApi/RequestBodies/PutUserRequestBody.php on line 14 {"exception":"[object] (Symfony\\Component\\Debug\\Exception\\FatalThrowableError(code: 0): Argument 1 passed to GoldSpecDigital\\ObjectOrientedOAS\\Objects\\BaseObject::create() must be of the type string or null, object given, called in /code/admin-app/app/OpenApi/RequestBodies/PutUserRequestBody.php on line 14 at /code/admin-app/vendor/goldspecdigital/oooas/src/Objects/BaseObject.php:48)
[stacktrace]
#0 /code/admin-app/app/OpenApi/RequestBodies/PutUserRequestBody.php(14): GoldSpecDigital\\ObjectOrientedOAS\\Objects\\BaseObject::create(Object(GoldSpecDigital\\ObjectOrientedOAS\\Objects\\MediaType))
#1 /code/admin-app/vendor/vyuldashev/laravel-openapi/src/Builders/Paths/Operation/RequestBodyBuilder.php(24): App\\OpenApi\\RequestBodies\\PutUserRequestBody->build()
#2 /code/admin-app/vendor/vyuldashev/laravel-openapi/src/Builders/Paths/OperationsBuilder.php(61): Vyuldashev\\LaravelOpenApi\\Builders\\Paths\\Operation\\RequestBodyBuilder->build(Object(Vyuldashev\\LaravelOpenApi\\RouteInformation))
#3 /code/admin-app/vendor/vyuldashev/laravel-openapi/src/Builders/PathsBuilder.php(62): Vyuldashev\\LaravelOpenApi\\Builders\\Paths\\OperationsBuilder->build(Object(Illuminate\\Support\\Collection))
#4 [internal function]: Vyuldashev\\LaravelOpenApi\\Builders\\PathsBuilder->Vyuldashev\\LaravelOpenApi\\Builders\\{closure}(Object(Illuminate\\Support\\Collection), '/api/profile')
#5 /code/admin-app/vendor/laravel/framework/src/Illuminate/Support/Collection.php(638): array_map(Object(Closure), Array, Array)
#6 /code/admin-app/vendor/vyuldashev/laravel-openapi/src/Builders/PathsBuilder.php(65): Illuminate\\Support\\Collection->map(Object(Closure))
#7 /code/admin-app/vendor/vyuldashev/laravel-openapi/src/Generator.php(49): Vyuldashev\\LaravelOpenApi\\Builders\\PathsBuilder->build('default', Array)
#8 /code/admin-app/vendor/vyuldashev/laravel-openapi/src/Console/GenerateCommand.php(27): Vyuldashev\\LaravelOpenApi\\Generator->generate('default')
#9 [internal function]: Vyuldashev\\LaravelOpenApi\\Console\\GenerateCommand->handle(Object(Vyuldashev\\LaravelOpenApi\\Generator))
#10 /code/admin-app/vendor/laravel/framework/src/Illuminate/Container/BoundMethod.php(32): call_user_func_array(Array, Array)
#11 /code/admin-app/vendor/laravel/framework/src/Illuminate/Container/BoundMethod.php(90): Illuminate\\Container\\BoundMethod::Illuminate\\Container\\{closure}()
#12 /code/admin-app/vendor/laravel/framework/src/Illuminate/Container/BoundMethod.php(34): Illuminate\\Container\\BoundMethod::callBoundMethod(Object(Illuminate\\Foundation\\Application), Array, Object(Closure))
#13 /code/admin-app/vendor/laravel/framework/src/Illuminate/Container/Container.php(591): Illuminate\\Container\\BoundMethod::call(Object(Illuminate\\Foundation\\Application), Array, Array, NULL)
#14 /code/admin-app/vendor/laravel/framework/src/Illuminate/Console/Command.php(192): Illuminate\\Container\\Container->call(Array)
#15 /code/admin-app/vendor/symfony/console/Command/Command.php(255): Illuminate\\Console\\Command->execute(Object(Symfony\\Component\\Console\\Input\\ArgvInput), Object(Illuminate\\Console\\OutputStyle))
#16 /code/admin-app/vendor/laravel/framework/src/Illuminate/Console/Command.php(179): Symfony\\Component\\Console\\Command\\Command->run(Object(Symfony\\Component\\Console\\Input\\ArgvInput), Object(Illuminate\\Console\\OutputStyle))
#17 /code/admin-app/vendor/symfony/console/Application.php(915): Illuminate\\Console\\Command->run(Object(Symfony\\Component\\Console\\Input\\ArgvInput), Object(Symfony\\Component\\Console\\Output\\ConsoleOutput))
#18 /code/admin-app/vendor/symfony/console/Application.php(272): Symfony\\Component\\Console\\Application->doRunCommand(Object(Vyuldashev\\LaravelOpenApi\\Console\\GenerateCommand), Object(Symfony\\Component\\Console\\Input\\ArgvInput), Object(Symfony\\Component\\Console\\Output\\ConsoleOutput))
#19 /code/admin-app/vendor/symfony/console/Application.php(148): Symfony\\Component\\Console\\Application->doRun(Object(Symfony\\Component\\Console\\Input\\ArgvInput), Object(Symfony\\Component\\Console\\Output\\ConsoleOutput))
#20 /code/admin-app/vendor/laravel/framework/src/Illuminate/Console/Application.php(90): Symfony\\Component\\Console\\Application->run(Object(Symfony\\Component\\Console\\Input\\ArgvInput), Object(Symfony\\Component\\Console\\Output\\ConsoleOutput))
#21 /code/admin-app/vendor/laravel/framework/src/Illuminate/Foundation/Console/Kernel.php(131): Illuminate\\Console\\Application->run(Object(Symfony\\Component\\Console\\Input\\ArgvInput), Object(Symfony\\Component\\Console\\Output\\ConsoleOutput))
#22 /code/admin-app/artisan(37): Illuminate\\Foundation\\Console\\Kernel->handle(Object(Symfony\\Component\\Console\\Input\\ArgvInput), Object(Symfony\\Component\\Console\\Output\\ConsoleOutput))
#23 {main}
"} 
